{"meta": {"format": 3, "version": "7.11.3", "timestamp": "2025-12-02T07:19:59.386873", "branch_coverage": false, "show_contexts": false}, "files": {"src/__init__.py": {"executed_lines": [1], "summary": {"covered_lines": 0, "num_statements": 0, "percent_covered": 100.0, "percent_covered_display": "100", "missing_lines": 0, "excluded_lines": 0}, "missing_lines": [], "excluded_lines": [], "functions": {"": {"executed_lines": [1], "summary": {"covered_lines": 0, "num_statements": 0, "percent_covered": 100.0, "percent_covered_display": "100", "missing_lines": 0, "excluded_lines": 0}, "missing_lines": [], "excluded_lines": []}}, "classes": {"": {"executed_lines": [1], "summary": {"covered_lines": 0, "num_statements": 0, "percent_covered": 100.0, "percent_covered_display": "100", "missing_lines": 0, "excluded_lines": 0}, "missing_lines": [], "excluded_lines": []}}}, "src/api/__init__.py": {"executed_lines": [1], "summary": {"covered_lines": 0, "num_statements": 0, "percent_covered": 100.0, "percent_covered_display": "100", "missing_lines": 0, "excluded_lines": 0}, "missing_lines": [], "excluded_lines": [], "functions": {"": {"executed_lines": [1], "summary": {"covered_lines": 0, "num_statements": 0, "percent_covered": 100.0, "percent_covered_display": "100", "missing_lines": 0, "excluded_lines": 0}, "missing_lines": [], "excluded_lines": []}}, "classes": {"": {"executed_lines": [1], "summary": {"covered_lines": 0, "num_statements": 0, "percent_covered": 100.0, "percent_covered_display": "100", "missing_lines": 0, "excluded_lines": 0}, "missing_lines": [], "excluded_lines": []}}}, "src/api/auth.py": {"executed_lines": [1, 2, 3, 5, 6, 7, 8, 9, 10, 16, 19, 20, 40, 41, 67, 68, 88, 89, 115, 116, 144, 145, 174, 175, 896, 897, 904, 911, 912, 913], "summary": {"covered_lines": 23, "num_statements": 41, "percent_covered": 56.09756097560975, "percent_covered_display": "56", "missing_lines": 18, "excluded_lines": 0}, "missing_lines": [48, 60, 96, 108, 133, 134, 135, 140, 141, 163, 165, 166, 169, 171, 191, 192, 195, 197], "excluded_lines": [], "functions": {"register": {"executed_lines": [40, 41], "summary": {"covered_lines": 2, "num_statements": 4, "percent_covered": 50.0, "percent_covered_display": "50", "missing_lines": 2, "excluded_lines": 0}, "missing_lines": [48, 60], "excluded_lines": []}, "login": {"executed_lines": [88, 89], "summary": {"covered_lines": 2, "num_statements": 4, "percent_covered": 50.0, "percent_covered_display": "50", "missing_lines": 2, "excluded_lines": 0}, "missing_lines": [96, 108], "excluded_lines": []}, "refresh_token": {"executed_lines": [], "summary": {"covered_lines": 0, "num_statements": 5, "percent_covered": 0.0, "percent_covered_display": "0", "missing_lines": 5, "excluded_lines": 0}, "missing_lines": [133, 134, 135, 140, 141], "excluded_lines": []}, "logout": {"executed_lines": [], "summary": {"covered_lines": 0, "num_statements": 5, "percent_covered": 0.0, "percent_covered_display": "0", "missing_lines": 5, "excluded_lines": 0}, "missing_lines": [163, 165, 166, 169, 171], "excluded_lines": []}, "logout_all_devices": {"executed_lines": [], "summary": {"covered_lines": 0, "num_statements": 4, "percent_covered": 0.0, "percent_covered_display": "0", "missing_lines": 4, "excluded_lines": 0}, "missing_lines": [191, 192, 195, 197], "excluded_lines": []}, "": {"executed_lines": [1, 2, 3, 5, 6, 7, 8, 9, 10, 16, 19, 20, 67, 68, 115, 116, 144, 145, 174, 175], "summary": {"covered_lines": 19, "num_statements": 19, "percent_covered": 100.0, "percent_covered_display": "100", "missing_lines": 0, "excluded_lines": 0}, "missing_lines": [], "excluded_lines": []}}, "classes": {"": {"executed_lines": [1, 2, 3, 5, 6, 7, 8, 9, 10, 16, 19, 20, 40, 41, 67, 68, 88, 89, 115, 116, 144, 145, 174, 175], "summary": {"covered_lines": 23, "num_statements": 41, "percent_covered": 56.09756097560975, "percent_covered_display": "56", "missing_lines": 18, "excluded_lines": 0}, "missing_lines": [48, 60, 96, 108, 133, 134, 135, 140, 141, 163, 165, 166, 169, 171, 191, 192, 195, 197], "excluded_lines": []}}}, "src/api/books.py": {"executed_lines": [1, 2, 4], "summary": {"covered_lines": 2, "num_statements": 2, "percent_covered": 100.0, "percent_covered_display": "100", "missing_lines": 0, "excluded_lines": 0}, "missing_lines": [], "excluded_lines": [], "functions": {"": {"executed_lines": [1, 2, 4], "summary": {"covered_lines": 2, "num_statements": 2, "percent_covered": 100.0, "percent_covered_display": "100", "missing_lines": 0, "excluded_lines": 0}, "missing_lines": [], "excluded_lines": []}}, "classes": {"": {"executed_lines": [1, 2, 4], "summary": {"covered_lines": 2, "num_statements": 2, "percent_covered": 100.0, "percent_covered_display": "100", "missing_lines": 0, "excluded_lines": 0}, "missing_lines": [], "excluded_lines": []}}}, "src/api/clubs.py": {"executed_lines": [1, 2, 3, 5, 6, 8, 9, 10, 11, 12, 20, 23, 24, 40, 41, 44, 45, 64, 65, 68, 69, 86, 87, 89, 90, 107, 108, 110, 111, 129, 130, 133, 134, 147, 148, 151, 156, 174, 175, 178, 179, 196, 197, 200, 201, 1653, 1662], "summary": {"covered_lines": 44, "num_statements": 46, "percent_covered": 95.65217391304348, "percent_covered_display": "96", "missing_lines": 2, "excluded_lines": 0}, "missing_lines": [216, 217], "excluded_lines": [], "functions": {"create_club": {"executed_lines": [40, 41], "summary": {"covered_lines": 2, "num_statements": 2, "percent_covered": 100.0, "percent_covered_display": "100", "missing_lines": 0, "excluded_lines": 0}, "missing_lines": [], "excluded_lines": []}, "get_clubs": {"executed_lines": [64, 65], "summary": {"covered_lines": 2, "num_statements": 2, "percent_covered": 100.0, "percent_covered_display": "100", "missing_lines": 0, "excluded_lines": 0}, "missing_lines": [], "excluded_lines": []}, "get_club": {"executed_lines": [86, 87], "summary": {"covered_lines": 2, "num_statements": 2, "percent_covered": 100.0, "percent_covered_display": "100", "missing_lines": 0, "excluded_lines": 0}, "missing_lines": [], "excluded_lines": []}, "get_user_clubs": {"executed_lines": [107, 108], "summary": {"covered_lines": 2, "num_statements": 2, "percent_covered": 100.0, "percent_covered_display": "100", "missing_lines": 0, "excluded_lines": 0}, "missing_lines": [], "excluded_lines": []}, "update_club": {"executed_lines": [129, 130], "summary": {"covered_lines": 2, "num_statements": 2, "percent_covered": 100.0, "percent_covered_display": "100", "missing_lines": 0, "excluded_lines": 0}, "missing_lines": [], "excluded_lines": []}, "delete_club": {"executed_lines": [147, 148], "summary": {"covered_lines": 2, "num_statements": 2, "percent_covered": 100.0, "percent_covered_display": "100", "missing_lines": 0, "excluded_lines": 0}, "missing_lines": [], "excluded_lines": []}, "add_user_to_club": {"executed_lines": [174, 175], "summary": {"covered_lines": 2, "num_statements": 2, "percent_covered": 100.0, "percent_covered_display": "100", "missing_lines": 0, "excluded_lines": 0}, "missing_lines": [], "excluded_lines": []}, "get_club_members": {"executed_lines": [196, 197], "summary": {"covered_lines": 2, "num_statements": 2, "percent_covered": 100.0, "percent_covered_display": "100", "missing_lines": 0, "excluded_lines": 0}, "missing_lines": [], "excluded_lines": []}, "remove_user_from_club": {"executed_lines": [], "summary": {"covered_lines": 0, "num_statements": 2, "percent_covered": 0.0, "percent_covered_display": "0", "missing_lines": 2, "excluded_lines": 0}, "missing_lines": [216, 217], "excluded_lines": []}, "": {"executed_lines": [1, 2, 3, 5, 6, 8, 9, 10, 11, 12, 20, 23, 24, 44, 45, 68, 69, 89, 90, 110, 111, 133, 134, 151, 156, 178, 179, 200, 201], "summary": {"covered_lines": 28, "num_statements": 28, "percent_covered": 100.0, "percent_covered_display": "100", "missing_lines": 0, "excluded_lines": 0}, "missing_lines": [], "excluded_lines": []}}, "classes": {"": {"executed_lines": [1, 2, 3, 5, 6, 8, 9, 10, 11, 12, 20, 23, 24, 40, 41, 44, 45, 64, 65, 68, 69, 86, 87, 89, 90, 107, 108, 110, 111, 129, 130, 133, 134, 147, 148, 151, 156, 174, 175, 178, 179, 196, 197, 200, 201], "summary": {"covered_lines": 44, "num_statements": 46, "percent_covered": 95.65217391304348, "percent_covered_display": "96", "missing_lines": 2, "excluded_lines": 0}, "missing_lines": [216, 217], "excluded_lines": []}}}, "src/api/deps.py": {"executed_lines": [1, 2, 3, 4, 6, 7, 8, 9, 11, 14, 31, 32, 34, 41, 42, 49, 50, 67, 82, 87, 1971, 1981, 1983, 1990], "summary": {"covered_lines": 19, "num_statements": 27, "percent_covered": 70.37037037037037, "percent_covered_display": "70", "missing_lines": 8, "excluded_lines": 0}, "missing_lines": [35, 43, 52, 53, 58, 59, 64, 83], "excluded_lines": [], "functions": {"get_current_user": {"executed_lines": [31, 32, 34, 41, 42, 49, 50], "summary": {"covered_lines": 7, "num_statements": 14, "percent_covered": 50.0, "percent_covered_display": "50", "missing_lines": 7, "excluded_lines": 0}, "missing_lines": [35, 43, 52, 53, 58, 59, 64], "excluded_lines": []}, "get_current_active_user": {"executed_lines": [82, 87], "summary": {"covered_lines": 2, "num_statements": 3, "percent_covered": 66.66666666666667, "percent_covered_display": "67", "missing_lines": 1, "excluded_lines": 0}, "missing_lines": [83], "excluded_lines": []}, "": {"executed_lines": [1, 2, 3, 4, 6, 7, 8, 9, 11, 14, 67], "summary": {"covered_lines": 10, "num_statements": 10, "percent_covered": 100.0, "percent_covered_display": "100", "missing_lines": 0, "excluded_lines": 0}, "missing_lines": [], "excluded_lines": []}}, "classes": {"": {"executed_lines": [1, 2, 3, 4, 6, 7, 8, 9, 11, 14, 31, 32, 34, 41, 42, 49, 50, 67, 82, 87], "summary": {"covered_lines": 19, "num_statements": 27, "percent_covered": 70.37037037037037, "percent_covered_display": "70", "missing_lines": 8, "excluded_lines": 0}, "missing_lines": [35, 43, 52, 53, 58, 59, 64, 83], "excluded_lines": []}}}, "src/api/library.py": {"executed_lines": [1, 2, 3, 5, 6, 8, 9, 10, 11, 12, 35, 40, 41, 47, 48, 51, 52, 66, 67, 76, 77, 80, 81, 88, 89, 92, 93, 99, 100, 105, 106, 112, 113, 118, 119, 125, 126, 129, 130, 140, 141, 151, 152, 162, 163, 170, 171, 174, 175, 181, 182, 187, 188, 199, 200, 210, 211, 218, 219, 220, 221, 222, 225, 226, 233, 234, 237, 238, 245, 246, 249, 250, 257, 258, 261, 262, 268, 269, 274, 275, 281, 282, 285, 286, 291, 292, 295, 296, 306, 307, 318, 319, 325, 326, 329, 334, 341, 342, 349, 353, 360, 361, 368, 369, 382, 383, 388, 389, 1653, 1662], "summary": {"covered_lines": 107, "num_statements": 121, "percent_covered": 88.4297520661157, "percent_covered_display": "88", "missing_lines": 14, "excluded_lines": 0}, "missing_lines": [62, 63, 158, 159, 195, 196, 206, 207, 302, 303, 314, 315, 376, 377], "excluded_lines": [], "functions": {"create_book": {"executed_lines": [47, 48], "summary": {"covered_lines": 2, "num_statements": 2, "percent_covered": 100.0, "percent_covered_display": "100", "missing_lines": 0, "excluded_lines": 0}, "missing_lines": [], "excluded_lines": []}, "get_books": {"executed_lines": [], "summary": {"covered_lines": 0, "num_statements": 2, "percent_covered": 0.0, "percent_covered_display": "0", "missing_lines": 2, "excluded_lines": 0}, "missing_lines": [62, 63], "excluded_lines": []}, "get_book": {"executed_lines": [76, 77], "summary": {"covered_lines": 2, "num_statements": 2, "percent_covered": 100.0, "percent_covered_display": "100", "missing_lines": 0, "excluded_lines": 0}, "missing_lines": [], "excluded_lines": []}, "update_book": {"executed_lines": [88, 89], "summary": {"covered_lines": 2, "num_statements": 2, "percent_covered": 100.0, "percent_covered_display": "100", "missing_lines": 0, "excluded_lines": 0}, "missing_lines": [], "excluded_lines": []}, "delete_book": {"executed_lines": [99, 100], "summary": {"covered_lines": 2, "num_statements": 2, "percent_covered": 100.0, "percent_covered_display": "100", "missing_lines": 0, "excluded_lines": 0}, "missing_lines": [], "excluded_lines": []}, "lookup_isbn": {"executed_lines": [112, 113], "summary": {"covered_lines": 2, "num_statements": 2, "percent_covered": 100.0, "percent_covered_display": "100", "missing_lines": 0, "excluded_lines": 0}, "missing_lines": [], "excluded_lines": []}, "add_book_to_library": {"executed_lines": [125, 126], "summary": {"covered_lines": 2, "num_statements": 2, "percent_covered": 100.0, "percent_covered_display": "100", "missing_lines": 0, "excluded_lines": 0}, "missing_lines": [], "excluded_lines": []}, "get_my_library": {"executed_lines": [140, 141], "summary": {"covered_lines": 2, "num_statements": 2, "percent_covered": 100.0, "percent_covered_display": "100", "missing_lines": 0, "excluded_lines": 0}, "missing_lines": [], "excluded_lines": []}, "get_library_book": {"executed_lines": [], "summary": {"covered_lines": 0, "num_statements": 2, "percent_covered": 0.0, "percent_covered_display": "0", "missing_lines": 2, "excluded_lines": 0}, "missing_lines": [158, 159], "excluded_lines": []}, "update_library_book": {"executed_lines": [170, 171], "summary": {"covered_lines": 2, "num_statements": 2, "percent_covered": 100.0, "percent_covered_display": "100", "missing_lines": 0, "excluded_lines": 0}, "missing_lines": [], "excluded_lines": []}, "remove_from_library": {"executed_lines": [181, 182], "summary": {"covered_lines": 2, "num_statements": 2, "percent_covered": 100.0, "percent_covered_display": "100", "missing_lines": 0, "excluded_lines": 0}, "missing_lines": [], "excluded_lines": []}, "mark_as_read": {"executed_lines": [], "summary": {"covered_lines": 0, "num_statements": 2, "percent_covered": 0.0, "percent_covered_display": "0", "missing_lines": 2, "excluded_lines": 0}, "missing_lines": [195, 196], "excluded_lines": []}, "mark_as_unread": {"executed_lines": [], "summary": {"covered_lines": 0, "num_statements": 2, "percent_covered": 0.0, "percent_covered_display": "0", "missing_lines": 2, "excluded_lines": 0}, "missing_lines": [206, 207], "excluded_lines": []}, "set_reading_status": {"executed_lines": [218, 219, 220, 221, 222], "summary": {"covered_lines": 5, "num_statements": 5, "percent_covered": 100.0, "percent_covered_display": "100", "missing_lines": 0, "excluded_lines": 0}, "missing_lines": [], "excluded_lines": []}, "add_rating": {"executed_lines": [233, 234], "summary": {"covered_lines": 2, "num_statements": 2, "percent_covered": 100.0, "percent_covered_display": "100", "missing_lines": 0, "excluded_lines": 0}, "missing_lines": [], "excluded_lines": []}, "add_review": {"executed_lines": [245, 246], "summary": {"covered_lines": 2, "num_statements": 2, "percent_covered": 100.0, "percent_covered_display": "100", "missing_lines": 0, "excluded_lines": 0}, "missing_lines": [], "excluded_lines": []}, "add_notes": {"executed_lines": [257, 258], "summary": {"covered_lines": 2, "num_statements": 2, "percent_covered": 100.0, "percent_covered_display": "100", "missing_lines": 0, "excluded_lines": 0}, "missing_lines": [], "excluded_lines": []}, "toggle_favorite": {"executed_lines": [268, 269], "summary": {"covered_lines": 2, "num_statements": 2, "percent_covered": 100.0, "percent_covered_display": "100", "missing_lines": 0, "excluded_lines": 0}, "missing_lines": [], "excluded_lines": []}, "create_reading_list": {"executed_lines": [281, 282], "summary": {"covered_lines": 2, "num_statements": 2, "percent_covered": 100.0, "percent_covered_display": "100", "missing_lines": 0, "excluded_lines": 0}, "missing_lines": [], "excluded_lines": []}, "get_reading_lists": {"executed_lines": [291, 292], "summary": {"covered_lines": 2, "num_statements": 2, "percent_covered": 100.0, "percent_covered_display": "100", "missing_lines": 0, "excluded_lines": 0}, "missing_lines": [], "excluded_lines": []}, "get_reading_list": {"executed_lines": [], "summary": {"covered_lines": 0, "num_statements": 2, "percent_covered": 0.0, "percent_covered_display": "0", "missing_lines": 2, "excluded_lines": 0}, "missing_lines": [302, 303], "excluded_lines": []}, "update_reading_list": {"executed_lines": [], "summary": {"covered_lines": 0, "num_statements": 2, "percent_covered": 0.0, "percent_covered_display": "0", "missing_lines": 2, "excluded_lines": 0}, "missing_lines": [314, 315], "excluded_lines": []}, "delete_reading_list": {"executed_lines": [325, 326], "summary": {"covered_lines": 2, "num_statements": 2, "percent_covered": 100.0, "percent_covered_display": "100", "missing_lines": 0, "excluded_lines": 0}, "missing_lines": [], "excluded_lines": []}, "add_book_to_reading_list": {"executed_lines": [341, 342], "summary": {"covered_lines": 2, "num_statements": 2, "percent_covered": 100.0, "percent_covered_display": "100", "missing_lines": 0, "excluded_lines": 0}, "missing_lines": [], "excluded_lines": []}, "remove_book_from_reading_list": {"executed_lines": [360, 361], "summary": {"covered_lines": 2, "num_statements": 2, "percent_covered": 100.0, "percent_covered_display": "100", "missing_lines": 0, "excluded_lines": 0}, "missing_lines": [], "excluded_lines": []}, "reorder_reading_list": {"executed_lines": [], "summary": {"covered_lines": 0, "num_statements": 2, "percent_covered": 0.0, "percent_covered_display": "0", "missing_lines": 2, "excluded_lines": 0}, "missing_lines": [376, 377], "excluded_lines": []}, "get_library_stats": {"executed_lines": [388, 389], "summary": {"covered_lines": 2, "num_statements": 2, "percent_covered": 100.0, "percent_covered_display": "100", "missing_lines": 0, "excluded_lines": 0}, "missing_lines": [], "excluded_lines": []}, "": {"executed_lines": [1, 2, 3, 5, 6, 8, 9, 10, 11, 12, 35, 40, 41, 51, 52, 66, 67, 80, 81, 92, 93, 105, 106, 118, 119, 129, 130, 151, 152, 162, 163, 174, 175, 187, 188, 199, 200, 210, 211, 225, 226, 237, 238, 249, 250, 261, 262, 274, 275, 285, 286, 295, 296, 306, 307, 318, 319, 329, 334, 349, 353, 368, 369, 382, 383], "summary": {"covered_lines": 64, "num_statements": 64, "percent_covered": 100.0, "percent_covered_display": "100", "missing_lines": 0, "excluded_lines": 0}, "missing_lines": [], "excluded_lines": []}}, "classes": {"": {"executed_lines": [1, 2, 3, 5, 6, 8, 9, 10, 11, 12, 35, 40, 41, 47, 48, 51, 52, 66, 67, 76, 77, 80, 81, 88, 89, 92, 93, 99, 100, 105, 106, 112, 113, 118, 119, 125, 126, 129, 130, 140, 141, 151, 152, 162, 163, 170, 171, 174, 175, 181, 182, 187, 188, 199, 200, 210, 211, 218, 219, 220, 221, 222, 225, 226, 233, 234, 237, 238, 245, 246, 249, 250, 257, 258, 261, 262, 268, 269, 274, 275, 281, 282, 285, 286, 291, 292, 295, 296, 306, 307, 318, 319, 325, 326, 329, 334, 341, 342, 349, 353, 360, 361, 368, 369, 382, 383, 388, 389], "summary": {"covered_lines": 107, "num_statements": 121, "percent_covered": 88.4297520661157, "percent_covered_display": "88", "missing_lines": 14, "excluded_lines": 0}, "missing_lines": [62, 63, 158, 159, 195, 196, 206, 207, 302, 303, 314, 315, 376, 377], "excluded_lines": []}}}, "src/api/meetings.py": {"executed_lines": [1, 2, 4], "summary": {"covered_lines": 2, "num_statements": 2, "percent_covered": 100.0, "percent_covered_display": "100", "missing_lines": 0, "excluded_lines": 0}, "missing_lines": [], "excluded_lines": [], "functions": {"": {"executed_lines": [1, 2, 4], "summary": {"covered_lines": 2, "num_statements": 2, "percent_covered": 100.0, "percent_covered_display": "100", "missing_lines": 0, "excluded_lines": 0}, "missing_lines": [], "excluded_lines": []}}, "classes": {"": {"executed_lines": [1, 2, 4], "summary": {"covered_lines": 2, "num_statements": 2, "percent_covered": 100.0, "percent_covered_display": "100", "missing_lines": 0, "excluded_lines": 0}, "missing_lines": [], "excluded_lines": []}}}, "src/api/pages.py": {"executed_lines": [1, 2, 4], "summary": {"covered_lines": 2, "num_statements": 2, "percent_covered": 100.0, "percent_covered_display": "100", "missing_lines": 0, "excluded_lines": 0}, "missing_lines": [], "excluded_lines": [], "functions": {"": {"executed_lines": [1, 2, 4], "summary": {"covered_lines": 2, "num_statements": 2, "percent_covered": 100.0, "percent_covered_display": "100", "missing_lines": 0, "excluded_lines": 0}, "missing_lines": [], "excluded_lines": []}}, "classes": {"": {"executed_lines": [1, 2, 4], "summary": {"covered_lines": 2, "num_statements": 2, "percent_covered": 100.0, "percent_covered_display": "100", "missing_lines": 0, "excluded_lines": 0}, "missing_lines": [], "excluded_lines": []}}}, "src/api/users.py": {"executed_lines": [1, 2, 3, 5, 6, 8, 9, 10, 11, 12, 14, 17, 18, 32, 33, 36, 37, 60, 61, 82, 83, 110, 111], "summary": {"covered_lines": 22, "num_statements": 30, "percent_covered": 73.33333333333333, "percent_covered_display": "73", "missing_lines": 8, "excluded_lines": 0}, "missing_lines": [56, 57, 78, 79, 106, 107, 128, 129], "excluded_lines": [], "functions": {"get_current_user": {"executed_lines": [32, 33], "summary": {"covered_lines": 2, "num_statements": 2, "percent_covered": 100.0, "percent_covered_display": "100", "missing_lines": 0, "excluded_lines": 0}, "missing_lines": [], "excluded_lines": []}, "get_users": {"executed_lines": [], "summary": {"covered_lines": 0, "num_statements": 2, "percent_covered": 0.0, "percent_covered_display": "0", "missing_lines": 2, "excluded_lines": 0}, "missing_lines": [56, 57], "excluded_lines": []}, "get_user": {"executed_lines": [], "summary": {"covered_lines": 0, "num_statements": 2, "percent_covered": 0.0, "percent_covered_display": "0", "missing_lines": 2, "excluded_lines": 0}, "missing_lines": [78, 79], "excluded_lines": []}, "update_user": {"executed_lines": [], "summary": {"covered_lines": 0, "num_statements": 2, "percent_covered": 0.0, "percent_covered_display": "0", "missing_lines": 2, "excluded_lines": 0}, "missing_lines": [106, 107], "excluded_lines": []}, "delete_user": {"executed_lines": [], "summary": {"covered_lines": 0, "num_statements": 2, "percent_covered": 0.0, "percent_covered_display": "0", "missing_lines": 2, "excluded_lines": 0}, "missing_lines": [128, 129], "excluded_lines": []}, "": {"executed_lines": [1, 2, 3, 5, 6, 8, 9, 10, 11, 12, 14, 17, 18, 36, 37, 60, 61, 82, 83, 110, 111], "summary": {"covered_lines": 20, "num_statements": 20, "percent_covered": 100.0, "percent_covered_display": "100", "missing_lines": 0, "excluded_lines": 0}, "missing_lines": [], "excluded_lines": []}}, "classes": {"": {"executed_lines": [1, 2, 3, 5, 6, 8, 9, 10, 11, 12, 14, 17, 18, 32, 33, 36, 37, 60, 61, 82, 83, 110, 111], "summary": {"covered_lines": 22, "num_statements": 30, "percent_covered": 73.33333333333333, "percent_covered_display": "73", "missing_lines": 8, "excluded_lines": 0}, "missing_lines": [56, 57, 78, 79, 106, 107, 128, 129], "excluded_lines": []}}}, "src/config.py": {"executed_lines": [1, 2, 4, 5, 8, 10, 12, 14, 16, 17, 18, 24, 25, 28, 29, 30, 33, 34, 35, 36, 39, 40, 41, 44, 45, 46, 48, 54, 55, 56, 58, 61], "summary": {"covered_lines": 30, "num_statements": 34, "percent_covered": 88.23529411764706, "percent_covered_display": "88", "missing_lines": 4, "excluded_lines": 0}, "missing_lines": [11, 13, 20, 21], "excluded_lines": [], "functions": {"parse_cors": {"executed_lines": [10, 12, 14, 16, 17, 18], "summary": {"covered_lines": 6, "num_statements": 10, "percent_covered": 60.0, "percent_covered_display": "60", "missing_lines": 4, "excluded_lines": 0}, "missing_lines": [11, 13, 20, 21], "excluded_lines": []}, "Settings.assemble_cors_origins": {"executed_lines": [58], "summary": {"covered_lines": 1, "num_statements": 1, "percent_covered": 100.0, "percent_covered_display": "100", "missing_lines": 0, "excluded_lines": 0}, "missing_lines": [], "excluded_lines": []}, "": {"executed_lines": [1, 2, 4, 5, 8, 24, 25, 28, 29, 30, 33, 34, 35, 36, 39, 40, 41, 44, 45, 46, 48, 54, 55, 56, 61], "summary": {"covered_lines": 23, "num_statements": 23, "percent_covered": 100.0, "percent_covered_display": "100", "missing_lines": 0, "excluded_lines": 0}, "missing_lines": [], "excluded_lines": []}}, "classes": {"Settings": {"executed_lines": [58], "summary": {"covered_lines": 1, "num_statements": 1, "percent_covered": 100.0, "percent_covered_display": "100", "missing_lines": 0, "excluded_lines": 0}, "missing_lines": [], "excluded_lines": []}, "": {"executed_lines": [1, 2, 4, 5, 8, 10, 12, 14, 16, 17, 18, 24, 25, 28, 29, 30, 33, 34, 35, 36, 39, 40, 41, 44, 45, 46, 48, 54, 55, 56, 61], "summary": {"covered_lines": 29, "num_statements": 33, "percent_covered": 87.87878787878788, "percent_covered_display": "88", "missing_lines": 4, "excluded_lines": 0}, "missing_lines": [11, 13, 20, 21], "excluded_lines": []}}}, "src/database.py": {"executed_lines": [1, 2, 4, 10, 11, 14, 21, 30], "summary": {"covered_lines": 7, "num_statements": 15, "percent_covered": 46.666666666666664, "percent_covered_display": "47", "missing_lines": 8, "excluded_lines": 0}, "missing_lines": [37, 38, 39, 40, 41, 42, 43, 45], "excluded_lines": [], "functions": {"get_db": {"executed_lines": [], "summary": {"covered_lines": 0, "num_statements": 8, "percent_covered": 0.0, "percent_covered_display": "0", "missing_lines": 8, "excluded_lines": 0}, "missing_lines": [37, 38, 39, 40, 41, 42, 43, 45], "excluded_lines": []}, "": {"executed_lines": [1, 2, 4, 10, 11, 14, 21, 30], "summary": {"covered_lines": 7, "num_statements": 7, "percent_covered": 100.0, "percent_covered_display": "100", "missing_lines": 0, "excluded_lines": 0}, "missing_lines": [], "excluded_lines": []}}, "classes": {"": {"executed_lines": [1, 2, 4, 10, 11, 14, 21, 30], "summary": {"covered_lines": 7, "num_statements": 15, "percent_covered": 46.666666666666664, "percent_covered_display": "47", "missing_lines": 8, "excluded_lines": 0}, "missing_lines": [37, 38, 39, 40, 41, 42, 43, 45], "excluded_lines": []}}}, "src/handlers/__init__.py": {"executed_lines": [1], "summary": {"covered_lines": 0, "num_statements": 0, "percent_covered": 100.0, "percent_covered_display": "100", "missing_lines": 0, "excluded_lines": 0}, "missing_lines": [], "excluded_lines": [], "functions": {"": {"executed_lines": [1], "summary": {"covered_lines": 0, "num_statements": 0, "percent_covered": 100.0, "percent_covered_display": "100", "missing_lines": 0, "excluded_lines": 0}, "missing_lines": [], "excluded_lines": []}}, "classes": {"": {"executed_lines": [1], "summary": {"covered_lines": 0, "num_statements": 0, "percent_covered": 100.0, "percent_covered_display": "100", "missing_lines": 0, "excluded_lines": 0}, "missing_lines": [], "excluded_lines": []}}}, "src/handlers/books/__init__.py": {"executed_lines": [], "summary": {"covered_lines": 0, "num_statements": 0, "percent_covered": 100.0, "percent_covered_display": "100", "missing_lines": 0, "excluded_lines": 0}, "missing_lines": [], "excluded_lines": [], "functions": {"": {"executed_lines": [], "summary": {"covered_lines": 0, "num_statements": 0, "percent_covered": 100.0, "percent_covered_display": "100", "missing_lines": 0, "excluded_lines": 0}, "missing_lines": [], "excluded_lines": []}}, "classes": {"": {"executed_lines": [], "summary": {"covered_lines": 0, "num_statements": 0, "percent_covered": 100.0, "percent_covered_display": "100", "missing_lines": 0, "excluded_lines": 0}, "missing_lines": [], "excluded_lines": []}}}, "src/handlers/clubs/__init__.py": {"executed_lines": [1], "summary": {"covered_lines": 0, "num_statements": 0, "percent_covered": 100.0, "percent_covered_display": "100", "missing_lines": 0, "excluded_lines": 0}, "missing_lines": [], "excluded_lines": [], "functions": {"": {"executed_lines": [1], "summary": {"covered_lines": 0, "num_statements": 0, "percent_covered": 100.0, "percent_covered_display": "100", "missing_lines": 0, "excluded_lines": 0}, "missing_lines": [], "excluded_lines": []}}, "classes": {"": {"executed_lines": [1], "summary": {"covered_lines": 0, "num_statements": 0, "percent_covered": 100.0, "percent_covered_display": "100", "missing_lines": 0, "excluded_lines": 0}, "missing_lines": [], "excluded_lines": []}}}, "src/handlers/clubs/handler.py": {"executed_lines": [1, 2, 3, 5, 6, 8, 9, 10, 11, 12, 21, 22, 24, 31, 32, 33, 34, 36, 53, 55, 79, 92, 101, 116, 117, 119, 139, 159, 177, 193, 214, 261, 272, 283, 300, 327, 1971, 1981, 1983, 1990], "summary": {"covered_lines": 34, "num_statements": 99, "percent_covered": 34.343434343434346, "percent_covered_display": "34", "missing_lines": 65, "excluded_lines": 0}, "missing_lines": [65, 71, 72, 77, 93, 94, 99, 140, 141, 147, 148, 154, 155, 157, 178, 179, 185, 186, 191, 215, 216, 222, 224, 227, 228, 234, 235, 236, 237, 243, 246, 247, 253, 259, 275, 276, 277, 278, 279, 281, 301, 302, 308, 311, 312, 313, 314, 323, 325, 348, 349, 350, 356, 357, 358, 365, 366, 372, 374, 377, 378, 384, 385, 386, 391], "excluded_lines": [], "functions": {"ClubHandler.__init__": {"executed_lines": [31, 32, 33, 34], "summary": {"covered_lines": 4, "num_statements": 4, "percent_covered": 100.0, "percent_covered_display": "100", "missing_lines": 0, "excluded_lines": 0}, "missing_lines": [], "excluded_lines": []}, "ClubHandler.create_club": {"executed_lines": [53, 55], "summary": {"covered_lines": 2, "num_statements": 6, "percent_covered": 33.333333333333336, "percent_covered_display": "33", "missing_lines": 4, "excluded_lines": 0}, "missing_lines": [65, 71, 72, 77], "excluded_lines": []}, "ClubHandler.get_club": {"executed_lines": [92], "summary": {"covered_lines": 1, "num_statements": 4, "percent_covered": 25.0, "percent_covered_display": "25", "missing_lines": 3, "excluded_lines": 0}, "missing_lines": [93, 94, 99], "excluded_lines": []}, "ClubHandler.get_clubs": {"executed_lines": [116, 117], "summary": {"covered_lines": 2, "num_statements": 2, "percent_covered": 100.0, "percent_covered_display": "100", "missing_lines": 0, "excluded_lines": 0}, "missing_lines": [], "excluded_lines": []}, "ClubHandler.update_club": {"executed_lines": [139], "summary": {"covered_lines": 1, "num_statements": 8, "percent_covered": 12.5, "percent_covered_display": "12", "missing_lines": 7, "excluded_lines": 0}, "missing_lines": [140, 141, 147, 148, 154, 155, 157], "excluded_lines": []}, "ClubHandler.delete_club": {"executed_lines": [177], "summary": {"covered_lines": 1, "num_statements": 6, "percent_covered": 16.666666666666668, "percent_covered_display": "17", "missing_lines": 5, "excluded_lines": 0}, "missing_lines": [178, 179, 185, 186, 191], "excluded_lines": []}, "ClubHandler.add_user_to_club": {"executed_lines": [214], "summary": {"covered_lines": 1, "num_statements": 16, "percent_covered": 6.25, "percent_covered_display": "6", "missing_lines": 15, "excluded_lines": 0}, "missing_lines": [215, 216, 222, 224, 227, 228, 234, 235, 236, 237, 243, 246, 247, 253, 259], "excluded_lines": []}, "ClubHandler.get_user_clubs": {"executed_lines": [272], "summary": {"covered_lines": 1, "num_statements": 7, "percent_covered": 14.285714285714286, "percent_covered_display": "14", "missing_lines": 6, "excluded_lines": 0}, "missing_lines": [275, 276, 277, 278, 279, 281], "excluded_lines": []}, "ClubHandler.get_club_members": {"executed_lines": [300], "summary": {"covered_lines": 1, "num_statements": 10, "percent_covered": 10.0, "percent_covered_display": "10", "missing_lines": 9, "excluded_lines": 0}, "missing_lines": [301, 302, 308, 311, 312, 313, 314, 323, 325], "excluded_lines": []}, "ClubHandler.remove_user_from_club": {"executed_lines": [], "summary": {"covered_lines": 0, "num_statements": 16, "percent_covered": 0.0, "percent_covered_display": "0", "missing_lines": 16, "excluded_lines": 0}, "missing_lines": [348, 349, 350, 356, 357, 358, 365, 366, 372, 374, 377, 378, 384, 385, 386, 391], "excluded_lines": []}, "": {"executed_lines": [1, 2, 3, 5, 6, 8, 9, 10, 11, 12, 21, 22, 24, 36, 79, 101, 119, 159, 193, 261, 283, 327], "summary": {"covered_lines": 20, "num_statements": 20, "percent_covered": 100.0, "percent_covered_display": "100", "missing_lines": 0, "excluded_lines": 0}, "missing_lines": [], "excluded_lines": []}}, "classes": {"ClubHandler": {"executed_lines": [31, 32, 33, 34, 53, 55, 92, 116, 117, 139, 177, 214, 272, 300], "summary": {"covered_lines": 14, "num_statements": 79, "percent_covered": 17.72151898734177, "percent_covered_display": "18", "missing_lines": 65, "excluded_lines": 0}, "missing_lines": [65, 71, 72, 77, 93, 94, 99, 140, 141, 147, 148, 154, 155, 157, 178, 179, 185, 186, 191, 215, 216, 222, 224, 227, 228, 234, 235, 236, 237, 243, 246, 247, 253, 259, 275, 276, 277, 278, 279, 281, 301, 302, 308, 311, 312, 313, 314, 323, 325, 348, 349, 350, 356, 357, 358, 365, 366, 372, 374, 377, 378, 384, 385, 386, 391], "excluded_lines": []}, "": {"executed_lines": [1, 2, 3, 5, 6, 8, 9, 10, 11, 12, 21, 22, 24, 36, 79, 101, 119, 159, 193, 261, 283, 327], "summary": {"covered_lines": 20, "num_statements": 20, "percent_covered": 100.0, "percent_covered_display": "100", "missing_lines": 0, "excluded_lines": 0}, "missing_lines": [], "excluded_lines": []}}}, "src/handlers/library/handler.py": {"executed_lines": [1, 2, 3, 4, 6, 7, 8, 10, 11, 12, 13, 38, 39, 41, 48, 49, 50, 51, 53, 63, 83, 93, 94, 102, 104, 112, 121, 127, 143, 145, 155, 165, 166, 168, 169, 170, 171, 172, 175, 176, 177, 178, 179, 182, 183, 186, 187, 188, 189, 192, 193, 196, 197, 198, 202, 203, 208, 209, 212, 213, 214, 216, 218, 219, 220, 221, 224, 227, 228, 231, 234, 235, 236, 237, 240, 241, 282, 308, 324, 353, 363, 379, 394, 401, 418, 424, 433, 458, 480, 487, 503, 510, 530, 537, 557, 564, 584, 590, 612, 618, 619, 634, 636, 645, 677, 704, 710, 719, 726, 753, 760, 772, 790, 792, 795, 796, 799, 812, 817, 1971, 1981, 1983, 1990], "summary": {"covered_lines": 117, "num_statements": 328, "percent_covered": 35.670731707317074, "percent_covered_display": "36", "missing_lines": 211, "excluded_lines": 0}, "missing_lines": [64, 79, 95, 96, 97, 105, 106, 110, 118, 119, 128, 129, 134, 135, 136, 137, 141, 146, 147, 151, 184, 204, 205, 222, 223, 225, 243, 244, 247, 248, 249, 250, 251, 252, 258, 259, 260, 264, 265, 268, 270, 271, 272, 273, 274, 275, 278, 279, 280, 300, 301, 325, 326, 332, 333, 334, 339, 340, 344, 345, 346, 347, 348, 372, 373, 374, 375, 377, 385, 386, 387, 392, 402, 403, 408, 409, 410, 411, 416, 425, 426, 431, 440, 441, 442, 448, 449, 450, 451, 456, 464, 465, 466, 471, 472, 473, 478, 488, 489, 494, 495, 496, 501, 511, 512, 517, 518, 519, 524, 525, 526, 527, 528, 538, 539, 544, 545, 546, 551, 552, 553, 554, 555, 565, 566, 571, 572, 573, 578, 579, 580, 581, 582, 591, 592, 597, 598, 599, 604, 605, 606, 607, 608, 625, 626, 627, 628, 629, 637, 638, 639, 640, 641, 642, 643, 651, 652, 653, 658, 659, 660, 661, 662, 663, 664, 665, 666, 668, 669, 670, 672, 673, 674, 675, 684, 685, 686, 691, 692, 693, 694, 699, 700, 701, 702, 711, 712, 717, 727, 728, 733, 734, 735, 740, 741, 746, 747, 748, 761, 762, 767, 779, 780, 781, 786, 794, 800, 806, 809, 810, 823], "excluded_lines": [], "functions": {"LibraryHandler.__init__": {"executed_lines": [48, 49, 50, 51], "summary": {"covered_lines": 4, "num_statements": 4, "percent_covered": 100.0, "percent_covered_display": "100", "missing_lines": 0, "excluded_lines": 0}, "missing_lines": [], "excluded_lines": []}, "LibraryHandler._user_book_to_details": {"executed_lines": [63], "summary": {"covered_lines": 1, "num_statements": 3, "percent_covered": 33.333333333333336, "percent_covered_display": "33", "missing_lines": 2, "excluded_lines": 0}, "missing_lines": [64, 79], "excluded_lines": []}, "LibraryHandler.create_book": {"executed_lines": [93, 94], "summary": {"covered_lines": 2, "num_statements": 5, "percent_covered": 40.0, "percent_covered_display": "40", "missing_lines": 3, "excluded_lines": 0}, "missing_lines": [95, 96, 97], "excluded_lines": []}, "LibraryHandler.get_book": {"executed_lines": [104], "summary": {"covered_lines": 1, "num_statements": 4, "percent_covered": 25.0, "percent_covered_display": "25", "missing_lines": 3, "excluded_lines": 0}, "missing_lines": [105, 106, 110], "excluded_lines": []}, "LibraryHandler.get_books": {"executed_lines": [], "summary": {"covered_lines": 0, "num_statements": 2, "percent_covered": 0.0, "percent_covered_display": "0", "missing_lines": 2, "excluded_lines": 0}, "missing_lines": [118, 119], "excluded_lines": []}, "LibraryHandler.update_book": {"executed_lines": [127], "summary": {"covered_lines": 1, "num_statements": 8, "percent_covered": 12.5, "percent_covered_display": "12", "missing_lines": 7, "excluded_lines": 0}, "missing_lines": [128, 129, 134, 135, 136, 137, 141], "excluded_lines": []}, "LibraryHandler.delete_book": {"executed_lines": [145], "summary": {"covered_lines": 1, "num_statements": 4, "percent_covered": 25.0, "percent_covered_display": "25", "missing_lines": 3, "excluded_lines": 0}, "missing_lines": [146, 147, 151], "excluded_lines": []}, "LibraryHandler.lookup_isbn": {"executed_lines": [165, 166, 168, 169, 170, 171, 172, 175, 176, 177, 178, 179, 182, 183, 186, 187, 188, 189, 192, 193, 196, 197, 198, 202, 203, 208, 209, 212, 213, 214, 216, 218, 219, 220, 221, 224, 227, 228, 231, 234, 235, 236, 237, 240, 241, 282], "summary": {"covered_lines": 46, "num_statements": 77, "percent_covered": 59.74025974025974, "percent_covered_display": "60", "missing_lines": 31, "excluded_lines": 0}, "missing_lines": [184, 204, 205, 222, 223, 225, 243, 244, 247, 248, 249, 250, 251, 252, 258, 259, 260, 264, 265, 268, 270, 271, 272, 273, 274, 275, 278, 279, 280, 300, 301], "excluded_lines": []}, "LibraryHandler.add_book_to_library": {"executed_lines": [324], "summary": {"covered_lines": 1, "num_statements": 13, "percent_covered": 7.6923076923076925, "percent_covered_display": "8", "missing_lines": 12, "excluded_lines": 0}, "missing_lines": [325, 326, 332, 333, 334, 339, 340, 344, 345, 346, 347, 348], "excluded_lines": []}, "LibraryHandler.get_user_library": {"executed_lines": [363], "summary": {"covered_lines": 1, "num_statements": 6, "percent_covered": 16.666666666666668, "percent_covered_display": "17", "missing_lines": 5, "excluded_lines": 0}, "missing_lines": [372, 373, 374, 375, 377], "excluded_lines": []}, "LibraryHandler.get_user_book": {"executed_lines": [], "summary": {"covered_lines": 0, "num_statements": 4, "percent_covered": 0.0, "percent_covered_display": "0", "missing_lines": 4, "excluded_lines": 0}, "missing_lines": [385, 386, 387, 392], "excluded_lines": []}, "LibraryHandler.update_user_book": {"executed_lines": [401], "summary": {"covered_lines": 1, "num_statements": 8, "percent_covered": 12.5, "percent_covered_display": "12", "missing_lines": 7, "excluded_lines": 0}, "missing_lines": [402, 403, 408, 409, 410, 411, 416], "excluded_lines": []}, "LibraryHandler.remove_book_from_library": {"executed_lines": [424], "summary": {"covered_lines": 1, "num_statements": 4, "percent_covered": 25.0, "percent_covered_display": "25", "missing_lines": 3, "excluded_lines": 0}, "missing_lines": [425, 426, 431], "excluded_lines": []}, "LibraryHandler.mark_as_read": {"executed_lines": [], "summary": {"covered_lines": 0, "num_statements": 8, "percent_covered": 0.0, "percent_covered_display": "0", "missing_lines": 8, "excluded_lines": 0}, "missing_lines": [440, 441, 442, 448, 449, 450, 451, 456], "excluded_lines": []}, "LibraryHandler.mark_as_unread": {"executed_lines": [], "summary": {"covered_lines": 0, "num_statements": 7, "percent_covered": 0.0, "percent_covered_display": "0", "missing_lines": 7, "excluded_lines": 0}, "missing_lines": [464, 465, 466, 471, 472, 473, 478], "excluded_lines": []}, "LibraryHandler.set_reading_status": {"executed_lines": [487], "summary": {"covered_lines": 1, "num_statements": 7, "percent_covered": 14.285714285714286, "percent_covered_display": "14", "missing_lines": 6, "excluded_lines": 0}, "missing_lines": [488, 489, 494, 495, 496, 501], "excluded_lines": []}, "LibraryHandler.add_rating": {"executed_lines": [510], "summary": {"covered_lines": 1, "num_statements": 11, "percent_covered": 9.090909090909092, "percent_covered_display": "9", "missing_lines": 10, "excluded_lines": 0}, "missing_lines": [511, 512, 517, 518, 519, 524, 525, 526, 527, 528], "excluded_lines": []}, "LibraryHandler.add_review": {"executed_lines": [537], "summary": {"covered_lines": 1, "num_statements": 11, "percent_covered": 9.090909090909092, "percent_covered_display": "9", "missing_lines": 10, "excluded_lines": 0}, "missing_lines": [538, 539, 544, 545, 546, 551, 552, 553, 554, 555], "excluded_lines": []}, "LibraryHandler.add_notes": {"executed_lines": [564], "summary": {"covered_lines": 1, "num_statements": 11, "percent_covered": 9.090909090909092, "percent_covered_display": "9", "missing_lines": 10, "excluded_lines": 0}, "missing_lines": [565, 566, 571, 572, 573, 578, 579, 580, 581, 582], "excluded_lines": []}, "LibraryHandler.toggle_favorite": {"executed_lines": [590], "summary": {"covered_lines": 1, "num_statements": 11, "percent_covered": 9.090909090909092, "percent_covered_display": "9", "missing_lines": 10, "excluded_lines": 0}, "missing_lines": [591, 592, 597, 598, 599, 604, 605, 606, 607, 608], "excluded_lines": []}, "LibraryHandler.create_reading_list": {"executed_lines": [618, 619], "summary": {"covered_lines": 2, "num_statements": 7, "percent_covered": 28.571428571428573, "percent_covered_display": "29", "missing_lines": 5, "excluded_lines": 0}, "missing_lines": [625, 626, 627, 628, 629], "excluded_lines": []}, "LibraryHandler.get_user_reading_lists": {"executed_lines": [636], "summary": {"covered_lines": 1, "num_statements": 8, "percent_covered": 12.5, "percent_covered_display": "12", "missing_lines": 7, "excluded_lines": 0}, "missing_lines": [637, 638, 639, 640, 641, 642, 643], "excluded_lines": []}, "LibraryHandler.get_reading_list": {"executed_lines": [], "summary": {"covered_lines": 0, "num_statements": 19, "percent_covered": 0.0, "percent_covered_display": "0", "missing_lines": 19, "excluded_lines": 0}, "missing_lines": [651, 652, 653, 658, 659, 660, 661, 662, 663, 664, 665, 666, 668, 669, 670, 672, 673, 674, 675], "excluded_lines": []}, "LibraryHandler.update_reading_list": {"executed_lines": [], "summary": {"covered_lines": 0, "num_statements": 11, "percent_covered": 0.0, "percent_covered_display": "0", "missing_lines": 11, "excluded_lines": 0}, "missing_lines": [684, 685, 686, 691, 692, 693, 694, 699, 700, 701, 702], "excluded_lines": []}, "LibraryHandler.delete_reading_list": {"executed_lines": [710], "summary": {"covered_lines": 1, "num_statements": 4, "percent_covered": 25.0, "percent_covered_display": "25", "missing_lines": 3, "excluded_lines": 0}, "missing_lines": [711, 712, 717], "excluded_lines": []}, "LibraryHandler.add_book_to_reading_list": {"executed_lines": [726], "summary": {"covered_lines": 1, "num_statements": 11, "percent_covered": 9.090909090909092, "percent_covered_display": "9", "missing_lines": 10, "excluded_lines": 0}, "missing_lines": [727, 728, 733, 734, 735, 740, 741, 746, 747, 748], "excluded_lines": []}, "LibraryHandler.remove_book_from_reading_list": {"executed_lines": [760], "summary": {"covered_lines": 1, "num_statements": 4, "percent_covered": 25.0, "percent_covered_display": "25", "missing_lines": 3, "excluded_lines": 0}, "missing_lines": [761, 762, 767], "excluded_lines": []}, "LibraryHandler.reorder_reading_list": {"executed_lines": [], "summary": {"covered_lines": 0, "num_statements": 4, "percent_covered": 0.0, "percent_covered_display": "0", "missing_lines": 4, "excluded_lines": 0}, "missing_lines": [779, 780, 781, 786], "excluded_lines": []}, "LibraryHandler.get_library_stats": {"executed_lines": [792, 795, 796, 799, 812, 817], "summary": {"covered_lines": 6, "num_statements": 12, "percent_covered": 50.0, "percent_covered_display": "50", "missing_lines": 6, "excluded_lines": 0}, "missing_lines": [794, 800, 806, 809, 810, 823], "excluded_lines": []}, "": {"executed_lines": [1, 2, 3, 4, 6, 7, 8, 10, 11, 12, 13, 38, 39, 41, 53, 83, 102, 112, 121, 143, 155, 308, 353, 379, 394, 418, 433, 458, 480, 503, 530, 557, 584, 612, 634, 645, 677, 704, 719, 753, 772, 790], "summary": {"covered_lines": 40, "num_statements": 40, "percent_covered": 100.0, "percent_covered_display": "100", "missing_lines": 0, "excluded_lines": 0}, "missing_lines": [], "excluded_lines": []}}, "classes": {"LibraryHandler": {"executed_lines": [48, 49, 50, 51, 63, 93, 94, 104, 127, 145, 165, 166, 168, 169, 170, 171, 172, 175, 176, 177, 178, 179, 182, 183, 186, 187, 188, 189, 192, 193, 196, 197, 198, 202, 203, 208, 209, 212, 213, 214, 216, 218, 219, 220, 221, 224, 227, 228, 231, 234, 235, 236, 237, 240, 241, 282, 324, 363, 401, 424, 487, 510, 537, 564, 590, 618, 619, 636, 710, 726, 760, 792, 795, 796, 799, 812, 817], "summary": {"covered_lines": 77, "num_statements": 288, "percent_covered": 26.73611111111111, "percent_covered_display": "27", "missing_lines": 211, "excluded_lines": 0}, "missing_lines": [64, 79, 95, 96, 97, 105, 106, 110, 118, 119, 128, 129, 134, 135, 136, 137, 141, 146, 147, 151, 184, 204, 205, 222, 223, 225, 243, 244, 247, 248, 249, 250, 251, 252, 258, 259, 260, 264, 265, 268, 270, 271, 272, 273, 274, 275, 278, 279, 280, 300, 301, 325, 326, 332, 333, 334, 339, 340, 344, 345, 346, 347, 348, 372, 373, 374, 375, 377, 385, 386, 387, 392, 402, 403, 408, 409, 410, 411, 416, 425, 426, 431, 440, 441, 442, 448, 449, 450, 451, 456, 464, 465, 466, 471, 472, 473, 478, 488, 489, 494, 495, 496, 501, 511, 512, 517, 518, 519, 524, 525, 526, 527, 528, 538, 539, 544, 545, 546, 551, 552, 553, 554, 555, 565, 566, 571, 572, 573, 578, 579, 580, 581, 582, 591, 592, 597, 598, 599, 604, 605, 606, 607, 608, 625, 626, 627, 628, 629, 637, 638, 639, 640, 641, 642, 643, 651, 652, 653, 658, 659, 660, 661, 662, 663, 664, 665, 666, 668, 669, 670, 672, 673, 674, 675, 684, 685, 686, 691, 692, 693, 694, 699, 700, 701, 702, 711, 712, 717, 727, 728, 733, 734, 735, 740, 741, 746, 747, 748, 761, 762, 767, 779, 780, 781, 786, 794, 800, 806, 809, 810, 823], "excluded_lines": []}, "": {"executed_lines": [1, 2, 3, 4, 6, 7, 8, 10, 11, 12, 13, 38, 39, 41, 53, 83, 102, 112, 121, 143, 155, 308, 353, 379, 394, 418, 433, 458, 480, 503, 530, 557, 584, 612, 634, 645, 677, 704, 719, 753, 772, 790], "summary": {"covered_lines": 40, "num_statements": 40, "percent_covered": 100.0, "percent_covered_display": "100", "missing_lines": 0, "excluded_lines": 0}, "missing_lines": [], "excluded_lines": []}}}, "src/handlers/meetings/__init__.py": {"executed_lines": [], "summary": {"covered_lines": 0, "num_statements": 0, "percent_covered": 100.0, "percent_covered_display": "100", "missing_lines": 0, "excluded_lines": 0}, "missing_lines": [], "excluded_lines": [], "functions": {"": {"executed_lines": [], "summary": {"covered_lines": 0, "num_statements": 0, "percent_covered": 100.0, "percent_covered_display": "100", "missing_lines": 0, "excluded_lines": 0}, "missing_lines": [], "excluded_lines": []}}, "classes": {"": {"executed_lines": [], "summary": {"covered_lines": 0, "num_statements": 0, "percent_covered": 100.0, "percent_covered_display": "100", "missing_lines": 0, "excluded_lines": 0}, "missing_lines": [], "excluded_lines": []}}}, "src/handlers/pages/__init__.py": {"executed_lines": [], "summary": {"covered_lines": 0, "num_statements": 0, "percent_covered": 100.0, "percent_covered_display": "100", "missing_lines": 0, "excluded_lines": 0}, "missing_lines": [], "excluded_lines": [], "functions": {"": {"executed_lines": [], "summary": {"covered_lines": 0, "num_statements": 0, "percent_covered": 100.0, "percent_covered_display": "100", "missing_lines": 0, "excluded_lines": 0}, "missing_lines": [], "excluded_lines": []}}, "classes": {"": {"executed_lines": [], "summary": {"covered_lines": 0, "num_statements": 0, "percent_covered": 100.0, "percent_covered_display": "100", "missing_lines": 0, "excluded_lines": 0}, "missing_lines": [], "excluded_lines": []}}}, "src/handlers/users/__init__.py": {"executed_lines": [1, 2, 3, 5], "summary": {"covered_lines": 3, "num_statements": 3, "percent_covered": 100.0, "percent_covered_display": "100", "missing_lines": 0, "excluded_lines": 0}, "missing_lines": [], "excluded_lines": [], "functions": {"": {"executed_lines": [1, 2, 3, 5], "summary": {"covered_lines": 3, "num_statements": 3, "percent_covered": 100.0, "percent_covered_display": "100", "missing_lines": 0, "excluded_lines": 0}, "missing_lines": [], "excluded_lines": []}}, "classes": {"": {"executed_lines": [1, 2, 3, 5], "summary": {"covered_lines": 3, "num_statements": 3, "percent_covered": 100.0, "percent_covered_display": "100", "missing_lines": 0, "excluded_lines": 0}, "missing_lines": [], "excluded_lines": []}}}, "src/handlers/users/auth/handler.py": {"executed_lines": [1, 2, 3, 5, 6, 9, 16, 20, 21, 28, 30, 31, 33, 40, 41, 42, 43, 45, 66, 118, 139, 186, 221, 238, 514, 515, 1971, 1981, 1983, 1990], "summary": {"covered_lines": 22, "num_statements": 63, "percent_covered": 34.92063492063492, "percent_covered_display": "35", "missing_lines": 41, "excluded_lines": 0}, "missing_lines": [67, 68, 74, 75, 76, 82, 92, 93, 101, 102, 105, 113, 140, 141, 147, 148, 154, 155, 156, 162, 163, 169, 170, 173, 181, 200, 201, 202, 208, 209, 210, 216, 217, 219, 232, 233, 234, 235, 236, 248, 249], "excluded_lines": [], "functions": {"AuthHandler.__init__": {"executed_lines": [40, 41, 42, 43], "summary": {"covered_lines": 4, "num_statements": 4, "percent_covered": 100.0, "percent_covered_display": "100", "missing_lines": 0, "excluded_lines": 0}, "missing_lines": [], "excluded_lines": []}, "AuthHandler.register": {"executed_lines": [66], "summary": {"covered_lines": 1, "num_statements": 13, "percent_covered": 7.6923076923076925, "percent_covered_display": "8", "missing_lines": 12, "excluded_lines": 0}, "missing_lines": [67, 68, 74, 75, 76, 82, 92, 93, 101, 102, 105, 113], "excluded_lines": []}, "AuthHandler.login": {"executed_lines": [139], "summary": {"covered_lines": 1, "num_statements": 14, "percent_covered": 7.142857142857143, "percent_covered_display": "7", "missing_lines": 13, "excluded_lines": 0}, "missing_lines": [140, 141, 147, 148, 154, 155, 156, 162, 163, 169, 170, 173, 181], "excluded_lines": []}, "AuthHandler.refresh_access_token": {"executed_lines": [], "summary": {"covered_lines": 0, "num_statements": 9, "percent_covered": 0.0, "percent_covered_display": "0", "missing_lines": 9, "excluded_lines": 0}, "missing_lines": [200, 201, 202, 208, 209, 210, 216, 217, 219], "excluded_lines": []}, "AuthHandler.logout": {"executed_lines": [], "summary": {"covered_lines": 0, "num_statements": 5, "percent_covered": 0.0, "percent_covered_display": "0", "missing_lines": 5, "excluded_lines": 0}, "missing_lines": [232, 233, 234, 235, 236], "excluded_lines": []}, "AuthHandler.logout_all_devices": {"executed_lines": [], "summary": {"covered_lines": 0, "num_statements": 2, "percent_covered": 0.0, "percent_covered_display": "0", "missing_lines": 2, "excluded_lines": 0}, "missing_lines": [248, 249], "excluded_lines": []}, "": {"executed_lines": [1, 2, 3, 5, 6, 9, 16, 20, 21, 28, 30, 31, 33, 45, 118, 186, 221, 238], "summary": {"covered_lines": 16, "num_statements": 16, "percent_covered": 100.0, "percent_covered_display": "100", "missing_lines": 0, "excluded_lines": 0}, "missing_lines": [], "excluded_lines": []}}, "classes": {"AuthHandler": {"executed_lines": [40, 41, 42, 43, 66, 139], "summary": {"covered_lines": 6, "num_statements": 47, "percent_covered": 12.76595744680851, "percent_covered_display": "13", "missing_lines": 41, "excluded_lines": 0}, "missing_lines": [67, 68, 74, 75, 76, 82, 92, 93, 101, 102, 105, 113, 140, 141, 147, 148, 154, 155, 156, 162, 163, 169, 170, 173, 181, 200, 201, 202, 208, 209, 210, 216, 217, 219, 232, 233, 234, 235, 236, 248, 249], "excluded_lines": []}, "": {"executed_lines": [1, 2, 3, 5, 6, 9, 16, 20, 21, 28, 30, 31, 33, 45, 118, 186, 221, 238], "summary": {"covered_lines": 16, "num_statements": 16, "percent_covered": 100.0, "percent_covered_display": "100", "missing_lines": 0, "excluded_lines": 0}, "missing_lines": [], "excluded_lines": []}}}, "src/handlers/users/handler.py": {"executed_lines": [1, 2, 3, 5, 6, 8, 9, 10, 13, 14, 16, 23, 24, 25, 27, 49, 67, 149, 190, 203], "summary": {"covered_lines": 18, "num_statements": 55, "percent_covered": 32.72727272727273, "percent_covered_display": "33", "missing_lines": 37, "excluded_lines": 0}, "missing_lines": [40, 41, 42, 47, 64, 65, 93, 94, 95, 101, 102, 108, 109, 110, 111, 117, 118, 119, 120, 126, 127, 129, 133, 134, 135, 138, 139, 141, 142, 147, 172, 173, 174, 180, 181, 187, 188], "excluded_lines": [], "functions": {"UserHandler.__init__": {"executed_lines": [23, 24, 25], "summary": {"covered_lines": 3, "num_statements": 3, "percent_covered": 100.0, "percent_covered_display": "100", "missing_lines": 0, "excluded_lines": 0}, "missing_lines": [], "excluded_lines": []}, "UserHandler.get_user": {"executed_lines": [], "summary": {"covered_lines": 0, "num_statements": 4, "percent_covered": 0.0, "percent_covered_display": "0", "missing_lines": 4, "excluded_lines": 0}, "missing_lines": [40, 41, 42, 47], "excluded_lines": []}, "UserHandler.get_users": {"executed_lines": [], "summary": {"covered_lines": 0, "num_statements": 2, "percent_covered": 0.0, "percent_covered_display": "0", "missing_lines": 2, "excluded_lines": 0}, "missing_lines": [64, 65], "excluded_lines": []}, "UserHandler.update_user": {"executed_lines": [], "summary": {"covered_lines": 0, "num_statements": 24, "percent_covered": 0.0, "percent_covered_display": "0", "missing_lines": 24, "excluded_lines": 0}, "missing_lines": [93, 94, 95, 101, 102, 108, 109, 110, 111, 117, 118, 119, 120, 126, 127, 129, 133, 134, 135, 138, 139, 141, 142, 147], "excluded_lines": []}, "UserHandler.delete_user": {"executed_lines": [], "summary": {"covered_lines": 0, "num_statements": 7, "percent_covered": 0.0, "percent_covered_display": "0", "missing_lines": 7, "excluded_lines": 0}, "missing_lines": [172, 173, 174, 180, 181, 187, 188], "excluded_lines": []}, "UserHandler.get_current_user_profile": {"executed_lines": [203], "summary": {"covered_lines": 1, "num_statements": 1, "percent_covered": 100.0, "percent_covered_display": "100", "missing_lines": 0, "excluded_lines": 0}, "missing_lines": [], "excluded_lines": []}, "": {"executed_lines": [1, 2, 3, 5, 6, 8, 9, 10, 13, 14, 16, 27, 49, 67, 149, 190], "summary": {"covered_lines": 14, "num_statements": 14, "percent_covered": 100.0, "percent_covered_display": "100", "missing_lines": 0, "excluded_lines": 0}, "missing_lines": [], "excluded_lines": []}}, "classes": {"UserHandler": {"executed_lines": [23, 24, 25, 203], "summary": {"covered_lines": 4, "num_statements": 41, "percent_covered": 9.75609756097561, "percent_covered_display": "10", "missing_lines": 37, "excluded_lines": 0}, "missing_lines": [40, 41, 42, 47, 64, 65, 93, 94, 95, 101, 102, 108, 109, 110, 111, 117, 118, 119, 120, 126, 127, 129, 133, 134, 135, 138, 139, 141, 142, 147, 172, 173, 174, 180, 181, 187, 188], "excluded_lines": []}, "": {"executed_lines": [1, 2, 3, 5, 6, 8, 9, 10, 13, 14, 16, 27, 49, 67, 149, 190], "summary": {"covered_lines": 14, "num_statements": 14, "percent_covered": 100.0, "percent_covered_display": "100", "missing_lines": 0, "excluded_lines": 0}, "missing_lines": [], "excluded_lines": []}}}, "src/main.py": {"executed_lines": [1, 2, 3, 5, 6, 9, 12, 20, 29, 30, 31, 32, 33, 34, 35, 38, 39, 53, 54], "summary": {"covered_lines": 18, "num_statements": 20, "percent_covered": 90.0, "percent_covered_display": "90", "missing_lines": 2, "excluded_lines": 0}, "missing_lines": [46, 61], "excluded_lines": [], "functions": {"root": {"executed_lines": [], "summary": {"covered_lines": 0, "num_statements": 1, "percent_covered": 0.0, "percent_covered_display": "0", "missing_lines": 1, "excluded_lines": 0}, "missing_lines": [46], "excluded_lines": []}, "health_check": {"executed_lines": [], "summary": {"covered_lines": 0, "num_statements": 1, "percent_covered": 0.0, "percent_covered_display": "0", "missing_lines": 1, "excluded_lines": 0}, "missing_lines": [61], "excluded_lines": []}, "": {"executed_lines": [1, 2, 3, 5, 6, 9, 12, 20, 29, 30, 31, 32, 33, 34, 35, 38, 39, 53, 54], "summary": {"covered_lines": 18, "num_statements": 18, "percent_covered": 100.0, "percent_covered_display": "100", "missing_lines": 0, "excluded_lines": 0}, "missing_lines": [], "excluded_lines": []}}, "classes": {"": {"executed_lines": [1, 2, 3, 5, 6, 9, 12, 20, 29, 30, 31, 32, 33, 34, 35, 38, 39, 53, 54], "summary": {"covered_lines": 18, "num_statements": 20, "percent_covered": 90.0, "percent_covered_display": "90", "missing_lines": 2, "excluded_lines": 0}, "missing_lines": [46, 61], "excluded_lines": []}}}, "src/models/__init__.py": {"executed_lines": [1, 2, 5, 13, 14, 15, 16, 19, 27, 28, 29, 30], "summary": {"covered_lines": 11, "num_statements": 11, "percent_covered": 100.0, "percent_covered_display": "100", "missing_lines": 0, "excluded_lines": 0}, "missing_lines": [], "excluded_lines": [], "functions": {"": {"executed_lines": [1, 2, 5, 13, 14, 15, 16, 19, 27, 28, 29, 30], "summary": {"covered_lines": 11, "num_statements": 11, "percent_covered": 100.0, "percent_covered_display": "100", "missing_lines": 0, "excluded_lines": 0}, "missing_lines": [], "excluded_lines": []}}, "classes": {"": {"executed_lines": [1, 2, 5, 13, 14, 15, 16, 19, 27, 28, 29, 30], "summary": {"covered_lines": 11, "num_statements": 11, "percent_covered": 100.0, "percent_covered_display": "100", "missing_lines": 0, "excluded_lines": 0}, "missing_lines": [], "excluded_lines": []}}}, "src/models/base.py": {"executed_lines": [1, 2, 3, 5, 6, 7, 9, 12, 14, 17, 18, 20, 21, 23, 29, 30], "summary": {"covered_lines": 14, "num_statements": 14, "percent_covered": 100.0, "percent_covered_display": "100", "missing_lines": 0, "excluded_lines": 0}, "missing_lines": [], "excluded_lines": [], "functions": {"utc_now": {"executed_lines": [14], "summary": {"covered_lines": 1, "num_statements": 1, "percent_covered": 100.0, "percent_covered_display": "100", "missing_lines": 0, "excluded_lines": 0}, "missing_lines": [], "excluded_lines": []}, "": {"executed_lines": [1, 2, 3, 5, 6, 7, 9, 12, 17, 18, 20, 21, 23, 29, 30], "summary": {"covered_lines": 13, "num_statements": 13, "percent_covered": 100.0, "percent_covered_display": "100", "missing_lines": 0, "excluded_lines": 0}, "missing_lines": [], "excluded_lines": []}}, "classes": {"BaseModel": {"executed_lines": [], "summary": {"covered_lines": 0, "num_statements": 0, "percent_covered": 100.0, "percent_covered_display": "100", "missing_lines": 0, "excluded_lines": 0}, "missing_lines": [], "excluded_lines": []}, "": {"executed_lines": [1, 2, 3, 5, 6, 7, 9, 12, 14, 17, 18, 20, 21, 23, 29, 30], "summary": {"covered_lines": 14, "num_statements": 14, "percent_covered": 100.0, "percent_covered_display": "100", "missing_lines": 0, "excluded_lines": 0}, "missing_lines": [], "excluded_lines": []}}}, "src/models/book.py": {"executed_lines": [1, 2, 3, 5, 6, 7, 8, 10, 13, 14, 15, 16, 17, 18, 20, 21, 24, 25, 27, 29, 30, 31, 34, 41, 42, 43, 44, 45, 46, 47, 48, 49, 51, 52, 53, 54, 55, 57, 58, 61, 62, 64, 66, 67, 68, 69, 70, 71, 73, 74, 75, 78, 83, 90, 91, 92, 93, 94, 95, 96, 97, 98, 99, 101, 102, 105, 106, 108, 110, 116, 122, 123, 124, 125, 126, 129, 130, 135, 136, 137, 138, 139, 140, 141, 142, 143, 144, 145, 146, 147, 148, 150, 151, 154, 155, 157, 159, 165, 171, 177, 178, 179, 180, 181, 182, 183, 184, 187, 188, 189, 196, 197, 198, 199, 200, 201, 202, 203, 205, 206, 209, 210, 212, 214, 220, 221, 222, 223, 226, 234, 235, 236, 237, 238, 239, 240, 242, 243, 246, 247, 249, 251, 257, 263, 264, 267, 268], "summary": {"covered_lines": 134, "num_statements": 134, "percent_covered": 100.0, "percent_covered_display": "100", "missing_lines": 0, "excluded_lines": 0}, "missing_lines": [], "excluded_lines": [], "functions": {"": {"executed_lines": [1, 2, 3, 5, 6, 7, 8, 10, 13, 14, 15, 16, 17, 18, 20, 21, 24, 25, 27, 29, 30, 31, 34, 41, 42, 43, 44, 45, 46, 47, 48, 49, 51, 52, 53, 54, 55, 57, 58, 61, 62, 64, 66, 67, 68, 69, 70, 71, 73, 74, 75, 78, 83, 90, 91, 92, 93, 94, 95, 96, 97, 98, 99, 101, 102, 105, 106, 108, 110, 116, 122, 123, 124, 125, 126, 129, 130, 135, 136, 137, 138, 139, 140, 141, 142, 143, 144, 145, 146, 147, 148, 150, 151, 154, 155, 157, 159, 165, 171, 177, 178, 179, 180, 181, 182, 183, 184, 187, 188, 189, 196, 197, 198, 199, 200, 201, 202, 203, 205, 206, 209, 210, 212, 214, 220, 221, 222, 223, 226, 234, 235, 236, 237, 238, 239, 240, 242, 243, 246, 247, 249, 251, 257, 263, 264, 267, 268], "summary": {"covered_lines": 134, "num_statements": 134, "percent_covered": 100.0, "percent_covered_display": "100", "missing_lines": 0, "excluded_lines": 0}, "missing_lines": [], "excluded_lines": []}}, "classes": {"PublisherModel": {"executed_lines": [], "summary": {"covered_lines": 0, "num_statements": 0, "percent_covered": 100.0, "percent_covered_display": "100", "missing_lines": 0, "excluded_lines": 0}, "missing_lines": [], "excluded_lines": []}, "PublisherModel.Config": {"executed_lines": [], "summary": {"covered_lines": 0, "num_statements": 0, "percent_covered": 100.0, "percent_covered_display": "100", "missing_lines": 0, "excluded_lines": 0}, "missing_lines": [], "excluded_lines": []}, "PublisherORM": {"executed_lines": [], "summary": {"covered_lines": 0, "num_statements": 0, "percent_covered": 100.0, "percent_covered_display": "100", "missing_lines": 0, "excluded_lines": 0}, "missing_lines": [], "excluded_lines": []}, "BookModel": {"executed_lines": [], "summary": {"covered_lines": 0, "num_statements": 0, "percent_covered": 100.0, "percent_covered_display": "100", "missing_lines": 0, "excluded_lines": 0}, "missing_lines": [], "excluded_lines": []}, "BookModel.Config": {"executed_lines": [], "summary": {"covered_lines": 0, "num_statements": 0, "percent_covered": 100.0, "percent_covered_display": "100", "missing_lines": 0, "excluded_lines": 0}, "missing_lines": [], "excluded_lines": []}, "BookORM": {"executed_lines": [], "summary": {"covered_lines": 0, "num_statements": 0, "percent_covered": 100.0, "percent_covered_display": "100", "missing_lines": 0, "excluded_lines": 0}, "missing_lines": [], "excluded_lines": []}, "BookVersionModel": {"executed_lines": [], "summary": {"covered_lines": 0, "num_statements": 0, "percent_covered": 100.0, "percent_covered_display": "100", "missing_lines": 0, "excluded_lines": 0}, "missing_lines": [], "excluded_lines": []}, "BookVersionModel.Config": {"executed_lines": [], "summary": {"covered_lines": 0, "num_statements": 0, "percent_covered": 100.0, "percent_covered_display": "100", "missing_lines": 0, "excluded_lines": 0}, "missing_lines": [], "excluded_lines": []}, "BookVersionORM": {"executed_lines": [], "summary": {"covered_lines": 0, "num_statements": 0, "percent_covered": 100.0, "percent_covered_display": "100", "missing_lines": 0, "excluded_lines": 0}, "missing_lines": [], "excluded_lines": []}, "UserBookModel": {"executed_lines": [], "summary": {"covered_lines": 0, "num_statements": 0, "percent_covered": 100.0, "percent_covered_display": "100", "missing_lines": 0, "excluded_lines": 0}, "missing_lines": [], "excluded_lines": []}, "UserBookModel.Config": {"executed_lines": [], "summary": {"covered_lines": 0, "num_statements": 0, "percent_covered": 100.0, "percent_covered_display": "100", "missing_lines": 0, "excluded_lines": 0}, "missing_lines": [], "excluded_lines": []}, "UserBookORM": {"executed_lines": [], "summary": {"covered_lines": 0, "num_statements": 0, "percent_covered": 100.0, "percent_covered_display": "100", "missing_lines": 0, "excluded_lines": 0}, "missing_lines": [], "excluded_lines": []}, "ReadingListModel": {"executed_lines": [], "summary": {"covered_lines": 0, "num_statements": 0, "percent_covered": 100.0, "percent_covered_display": "100", "missing_lines": 0, "excluded_lines": 0}, "missing_lines": [], "excluded_lines": []}, "ReadingListModel.Config": {"executed_lines": [], "summary": {"covered_lines": 0, "num_statements": 0, "percent_covered": 100.0, "percent_covered_display": "100", "missing_lines": 0, "excluded_lines": 0}, "missing_lines": [], "excluded_lines": []}, "ReadingListORM": {"executed_lines": [], "summary": {"covered_lines": 0, "num_statements": 0, "percent_covered": 100.0, "percent_covered_display": "100", "missing_lines": 0, "excluded_lines": 0}, "missing_lines": [], "excluded_lines": []}, "ReadingListItemModel": {"executed_lines": [], "summary": {"covered_lines": 0, "num_statements": 0, "percent_covered": 100.0, "percent_covered_display": "100", "missing_lines": 0, "excluded_lines": 0}, "missing_lines": [], "excluded_lines": []}, "ReadingListItemModel.Config": {"executed_lines": [], "summary": {"covered_lines": 0, "num_statements": 0, "percent_covered": 100.0, "percent_covered_display": "100", "missing_lines": 0, "excluded_lines": 0}, "missing_lines": [], "excluded_lines": []}, "ReadingListItemORM": {"executed_lines": [], "summary": {"covered_lines": 0, "num_statements": 0, "percent_covered": 100.0, "percent_covered_display": "100", "missing_lines": 0, "excluded_lines": 0}, "missing_lines": [], "excluded_lines": []}, "": {"executed_lines": [1, 2, 3, 5, 6, 7, 8, 10, 13, 14, 15, 16, 17, 18, 20, 21, 24, 25, 27, 29, 30, 31, 34, 41, 42, 43, 44, 45, 46, 47, 48, 49, 51, 52, 53, 54, 55, 57, 58, 61, 62, 64, 66, 67, 68, 69, 70, 71, 73, 74, 75, 78, 83, 90, 91, 92, 93, 94, 95, 96, 97, 98, 99, 101, 102, 105, 106, 108, 110, 116, 122, 123, 124, 125, 126, 129, 130, 135, 136, 137, 138, 139, 140, 141, 142, 143, 144, 145, 146, 147, 148, 150, 151, 154, 155, 157, 159, 165, 171, 177, 178, 179, 180, 181, 182, 183, 184, 187, 188, 189, 196, 197, 198, 199, 200, 201, 202, 203, 205, 206, 209, 210, 212, 214, 220, 221, 222, 223, 226, 234, 235, 236, 237, 238, 239, 240, 242, 243, 246, 247, 249, 251, 257, 263, 264, 267, 268], "summary": {"covered_lines": 134, "num_statements": 134, "percent_covered": 100.0, "percent_covered_display": "100", "missing_lines": 0, "excluded_lines": 0}, "missing_lines": [], "excluded_lines": []}}}, "src/models/club.py": {"executed_lines": [1, 2, 3, 5, 6, 16, 17, 19, 22, 31, 32, 33, 34, 37, 38, 39, 40, 41, 42, 44, 45, 48, 49, 50, 51, 52, 53, 54, 55, 56, 57, 58, 60, 61, 64, 65, 67, 69, 70, 71, 72, 77, 78, 81, 86, 87, 94, 95, 96, 97, 98, 99, 100, 101, 102, 104, 105, 108, 109, 111, 113, 119, 125, 126, 127, 132, 135, 136], "summary": {"covered_lines": 61, "num_statements": 61, "percent_covered": 100.0, "percent_covered_display": "100", "missing_lines": 0, "excluded_lines": 0}, "missing_lines": [], "excluded_lines": [], "functions": {"": {"executed_lines": [1, 2, 3, 5, 6, 16, 17, 19, 22, 31, 32, 33, 34, 37, 38, 39, 40, 41, 42, 44, 45, 48, 49, 50, 51, 52, 53, 54, 55, 56, 57, 58, 60, 61, 64, 65, 67, 69, 70, 71, 72, 77, 78, 81, 86, 87, 94, 95, 96, 97, 98, 99, 100, 101, 102, 104, 105, 108, 109, 111, 113, 119, 125, 126, 127, 132, 135, 136], "summary": {"covered_lines": 61, "num_statements": 61, "percent_covered": 100.0, "percent_covered_display": "100", "missing_lines": 0, "excluded_lines": 0}, "missing_lines": [], "excluded_lines": []}}, "classes": {"ClubRoles": {"executed_lines": [], "summary": {"covered_lines": 0, "num_statements": 0, "percent_covered": 100.0, "percent_covered_display": "100", "missing_lines": 0, "excluded_lines": 0}, "missing_lines": [], "excluded_lines": []}, "UserClubModel": {"executed_lines": [], "summary": {"covered_lines": 0, "num_statements": 0, "percent_covered": 100.0, "percent_covered_display": "100", "missing_lines": 0, "excluded_lines": 0}, "missing_lines": [], "excluded_lines": []}, "UserClubModel.Config": {"executed_lines": [], "summary": {"covered_lines": 0, "num_statements": 0, "percent_covered": 100.0, "percent_covered_display": "100", "missing_lines": 0, "excluded_lines": 0}, "missing_lines": [], "excluded_lines": []}, "ClubModel": {"executed_lines": [], "summary": {"covered_lines": 0, "num_statements": 0, "percent_covered": 100.0, "percent_covered_display": "100", "missing_lines": 0, "excluded_lines": 0}, "missing_lines": [], "excluded_lines": []}, "ClubModel.Config": {"executed_lines": [], "summary": {"covered_lines": 0, "num_statements": 0, "percent_covered": 100.0, "percent_covered_display": "100", "missing_lines": 0, "excluded_lines": 0}, "missing_lines": [], "excluded_lines": []}, "ClubORM": {"executed_lines": [], "summary": {"covered_lines": 0, "num_statements": 0, "percent_covered": 100.0, "percent_covered_display": "100", "missing_lines": 0, "excluded_lines": 0}, "missing_lines": [], "excluded_lines": []}, "ClubMeetingModel": {"executed_lines": [], "summary": {"covered_lines": 0, "num_statements": 0, "percent_covered": 100.0, "percent_covered_display": "100", "missing_lines": 0, "excluded_lines": 0}, "missing_lines": [], "excluded_lines": []}, "ClubMeetingModel.Config": {"executed_lines": [], "summary": {"covered_lines": 0, "num_statements": 0, "percent_covered": 100.0, "percent_covered_display": "100", "missing_lines": 0, "excluded_lines": 0}, "missing_lines": [], "excluded_lines": []}, "ClubMeetingORM": {"executed_lines": [], "summary": {"covered_lines": 0, "num_statements": 0, "percent_covered": 100.0, "percent_covered_display": "100", "missing_lines": 0, "excluded_lines": 0}, "missing_lines": [], "excluded_lines": []}, "": {"executed_lines": [1, 2, 3, 5, 6, 16, 17, 19, 22, 31, 32, 33, 34, 37, 38, 39, 40, 41, 42, 44, 45, 48, 49, 50, 51, 52, 53, 54, 55, 56, 57, 58, 60, 61, 64, 65, 67, 69, 70, 71, 72, 77, 78, 81, 86, 87, 94, 95, 96, 97, 98, 99, 100, 101, 102, 104, 105, 108, 109, 111, 113, 119, 125, 126, 127, 132, 135, 136], "summary": {"covered_lines": 61, "num_statements": 61, "percent_covered": 100.0, "percent_covered_display": "100", "missing_lines": 0, "excluded_lines": 0}, "missing_lines": [], "excluded_lines": []}}}, "src/models/group.py": {"executed_lines": [], "summary": {"covered_lines": 0, "num_statements": 13, "percent_covered": 0.0, "percent_covered_display": "0", "missing_lines": 13, "excluded_lines": 0}, "missing_lines": [2, 5, 6, 7, 9, 12, 21, 24, 26, 27, 28, 35, 40], "excluded_lines": [], "functions": {"": {"executed_lines": [], "summary": {"covered_lines": 0, "num_statements": 13, "percent_covered": 0.0, "percent_covered_display": "0", "missing_lines": 13, "excluded_lines": 0}, "missing_lines": [2, 5, 6, 7, 9, 12, 21, 24, 26, 27, 28, 35, 40], "excluded_lines": []}}, "classes": {"Group": {"executed_lines": [], "summary": {"covered_lines": 0, "num_statements": 0, "percent_covered": 100.0, "percent_covered_display": "100", "missing_lines": 0, "excluded_lines": 0}, "missing_lines": [], "excluded_lines": []}, "": {"executed_lines": [], "summary": {"covered_lines": 0, "num_statements": 13, "percent_covered": 0.0, "percent_covered_display": "0", "missing_lines": 13, "excluded_lines": 0}, "missing_lines": [2, 5, 6, 7, 9, 12, 21, 24, 26, 27, 28, 35, 40], "excluded_lines": []}}}, "src/models/meeting.py": {"executed_lines": [1, 2, 3, 5, 6, 7, 8, 10, 13, 14, 15, 16, 17, 18, 19, 20, 21, 22, 23, 24, 25, 27, 28, 31, 32, 34, 36, 37, 38, 43, 44, 45, 46, 47, 48, 53, 60, 61, 62], "summary": {"covered_lines": 36, "num_statements": 36, "percent_covered": 100.0, "percent_covered_display": "100", "missing_lines": 0, "excluded_lines": 0}, "missing_lines": [], "excluded_lines": [], "functions": {"": {"executed_lines": [1, 2, 3, 5, 6, 7, 8, 10, 13, 14, 15, 16, 17, 18, 19, 20, 21, 22, 23, 24, 25, 27, 28, 31, 32, 34, 36, 37, 38, 43, 44, 45, 46, 47, 48, 53, 60, 61, 62], "summary": {"covered_lines": 36, "num_statements": 36, "percent_covered": 100.0, "percent_covered_display": "100", "missing_lines": 0, "excluded_lines": 0}, "missing_lines": [], "excluded_lines": []}}, "classes": {"MeetingModel": {"executed_lines": [], "summary": {"covered_lines": 0, "num_statements": 0, "percent_covered": 100.0, "percent_covered_display": "100", "missing_lines": 0, "excluded_lines": 0}, "missing_lines": [], "excluded_lines": []}, "MeetingModel.Config": {"executed_lines": [], "summary": {"covered_lines": 0, "num_statements": 0, "percent_covered": 100.0, "percent_covered_display": "100", "missing_lines": 0, "excluded_lines": 0}, "missing_lines": [], "excluded_lines": []}, "MeetingORM": {"executed_lines": [], "summary": {"covered_lines": 0, "num_statements": 0, "percent_covered": 100.0, "percent_covered_display": "100", "missing_lines": 0, "excluded_lines": 0}, "missing_lines": [], "excluded_lines": []}, "": {"executed_lines": [1, 2, 3, 5, 6, 7, 8, 10, 13, 14, 15, 16, 17, 18, 19, 20, 21, 22, 23, 24, 25, 27, 28, 31, 32, 34, 36, 37, 38, 43, 44, 45, 46, 47, 48, 53, 60, 61, 62], "summary": {"covered_lines": 36, "num_statements": 36, "percent_covered": 100.0, "percent_covered_display": "100", "missing_lines": 0, "excluded_lines": 0}, "missing_lines": [], "excluded_lines": []}}}, "src/models/page.py": {"executed_lines": [1, 2, 4, 5, 6, 7, 9, 12, 21, 22, 23, 24, 25, 26, 27, 28, 30, 31, 34, 35, 37, 39, 40, 41, 42, 47, 50, 55], "summary": {"covered_lines": 25, "num_statements": 25, "percent_covered": 100.0, "percent_covered_display": "100", "missing_lines": 0, "excluded_lines": 0}, "missing_lines": [], "excluded_lines": [], "functions": {"": {"executed_lines": [1, 2, 4, 5, 6, 7, 9, 12, 21, 22, 23, 24, 25, 26, 27, 28, 30, 31, 34, 35, 37, 39, 40, 41, 42, 47, 50, 55], "summary": {"covered_lines": 25, "num_statements": 25, "percent_covered": 100.0, "percent_covered_display": "100", "missing_lines": 0, "excluded_lines": 0}, "missing_lines": [], "excluded_lines": []}}, "classes": {"PageModel": {"executed_lines": [], "summary": {"covered_lines": 0, "num_statements": 0, "percent_covered": 100.0, "percent_covered_display": "100", "missing_lines": 0, "excluded_lines": 0}, "missing_lines": [], "excluded_lines": []}, "PageModel.Config": {"executed_lines": [], "summary": {"covered_lines": 0, "num_statements": 0, "percent_covered": 100.0, "percent_covered_display": "100", "missing_lines": 0, "excluded_lines": 0}, "missing_lines": [], "excluded_lines": []}, "PageORM": {"executed_lines": [], "summary": {"covered_lines": 0, "num_statements": 0, "percent_covered": 100.0, "percent_covered_display": "100", "missing_lines": 0, "excluded_lines": 0}, "missing_lines": [], "excluded_lines": []}, "": {"executed_lines": [1, 2, 4, 5, 6, 7, 9, 12, 21, 22, 23, 24, 25, 26, 27, 28, 30, 31, 34, 35, 37, 39, 40, 41, 42, 47, 50, 55], "summary": {"covered_lines": 25, "num_statements": 25, "percent_covered": 100.0, "percent_covered_display": "100", "missing_lines": 0, "excluded_lines": 0}, "missing_lines": [], "excluded_lines": []}}}, "src/models/refresh_token.py": {"executed_lines": [1, 2, 3, 5, 6, 8, 11, 12, 22, 24, 25, 26, 27, 28, 33, 34, 38, 39, 42, 44, 48, 52], "summary": {"covered_lines": 20, "num_statements": 23, "percent_covered": 86.95652173913044, "percent_covered_display": "87", "missing_lines": 3, "excluded_lines": 0}, "missing_lines": [46, 50, 54], "excluded_lines": [], "functions": {"RefreshTokenModel.__repr__": {"executed_lines": [], "summary": {"covered_lines": 0, "num_statements": 1, "percent_covered": 0.0, "percent_covered_display": "0", "missing_lines": 1, "excluded_lines": 0}, "missing_lines": [46], "excluded_lines": []}, "RefreshTokenModel.is_expired": {"executed_lines": [], "summary": {"covered_lines": 0, "num_statements": 1, "percent_covered": 0.0, "percent_covered_display": "0", "missing_lines": 1, "excluded_lines": 0}, "missing_lines": [50], "excluded_lines": []}, "RefreshTokenModel.is_valid": {"executed_lines": [], "summary": {"covered_lines": 0, "num_statements": 1, "percent_covered": 0.0, "percent_covered_display": "0", "missing_lines": 1, "excluded_lines": 0}, "missing_lines": [54], "excluded_lines": []}, "": {"executed_lines": [1, 2, 3, 5, 6, 8, 11, 12, 22, 24, 25, 26, 27, 28, 33, 34, 38, 39, 42, 44, 48, 52], "summary": {"covered_lines": 20, "num_statements": 20, "percent_covered": 100.0, "percent_covered_display": "100", "missing_lines": 0, "excluded_lines": 0}, "missing_lines": [], "excluded_lines": []}}, "classes": {"RefreshTokenModel": {"executed_lines": [], "summary": {"covered_lines": 0, "num_statements": 3, "percent_covered": 0.0, "percent_covered_display": "0", "missing_lines": 3, "excluded_lines": 0}, "missing_lines": [46, 50, 54], "excluded_lines": []}, "": {"executed_lines": [1, 2, 3, 5, 6, 8, 11, 12, 22, 24, 25, 26, 27, 28, 33, 34, 38, 39, 42, 44, 48, 52], "summary": {"covered_lines": 20, "num_statements": 20, "percent_covered": 100.0, "percent_covered_display": "100", "missing_lines": 0, "excluded_lines": 0}, "missing_lines": [], "excluded_lines": []}}}, "src/models/role.py": {"executed_lines": [], "summary": {"covered_lines": 0, "num_statements": 11, "percent_covered": 0.0, "percent_covered_display": "0", "missing_lines": 11, "excluded_lines": 0}, "missing_lines": [2, 4, 5, 6, 8, 11, 20, 23, 25, 26, 29], "excluded_lines": [], "functions": {"": {"executed_lines": [], "summary": {"covered_lines": 0, "num_statements": 11, "percent_covered": 0.0, "percent_covered_display": "0", "missing_lines": 11, "excluded_lines": 0}, "missing_lines": [2, 4, 5, 6, 8, 11, 20, 23, 25, 26, 29], "excluded_lines": []}}, "classes": {"Role": {"executed_lines": [], "summary": {"covered_lines": 0, "num_statements": 0, "percent_covered": 100.0, "percent_covered_display": "100", "missing_lines": 0, "excluded_lines": 0}, "missing_lines": [], "excluded_lines": []}, "": {"executed_lines": [], "summary": {"covered_lines": 0, "num_statements": 11, "percent_covered": 0.0, "percent_covered_display": "0", "missing_lines": 11, "excluded_lines": 0}, "missing_lines": [2, 4, 5, 6, 8, 11, 20, 23, 25, 26, 29], "excluded_lines": []}}}, "src/models/user.py": {"executed_lines": [1, 2, 3, 5, 6, 7, 8, 10, 13, 14, 15, 16, 17, 18, 19, 21, 22, 25, 26, 28, 30, 31, 32, 33, 34, 37, 43, 48, 53, 59, 60, 61, 62, 63, 64, 65, 67, 68, 71, 72, 74, 76, 83, 84, 85, 86, 89], "summary": {"covered_lines": 42, "num_statements": 42, "percent_covered": 100.0, "percent_covered_display": "100", "missing_lines": 0, "excluded_lines": 0}, "missing_lines": [], "excluded_lines": [], "functions": {"": {"executed_lines": [1, 2, 3, 5, 6, 7, 8, 10, 13, 14, 15, 16, 17, 18, 19, 21, 22, 25, 26, 28, 30, 31, 32, 33, 34, 37, 43, 48, 53, 59, 60, 61, 62, 63, 64, 65, 67, 68, 71, 72, 74, 76, 83, 84, 85, 86, 89], "summary": {"covered_lines": 42, "num_statements": 42, "percent_covered": 100.0, "percent_covered_display": "100", "missing_lines": 0, "excluded_lines": 0}, "missing_lines": [], "excluded_lines": []}}, "classes": {"UserModel": {"executed_lines": [], "summary": {"covered_lines": 0, "num_statements": 0, "percent_covered": 100.0, "percent_covered_display": "100", "missing_lines": 0, "excluded_lines": 0}, "missing_lines": [], "excluded_lines": []}, "UserModel.Config": {"executed_lines": [], "summary": {"covered_lines": 0, "num_statements": 0, "percent_covered": 100.0, "percent_covered_display": "100", "missing_lines": 0, "excluded_lines": 0}, "missing_lines": [], "excluded_lines": []}, "UserORM": {"executed_lines": [], "summary": {"covered_lines": 0, "num_statements": 0, "percent_covered": 100.0, "percent_covered_display": "100", "missing_lines": 0, "excluded_lines": 0}, "missing_lines": [], "excluded_lines": []}, "UserSecurityModel": {"executed_lines": [], "summary": {"covered_lines": 0, "num_statements": 0, "percent_covered": 100.0, "percent_covered_display": "100", "missing_lines": 0, "excluded_lines": 0}, "missing_lines": [], "excluded_lines": []}, "UserSecurityModel.Config": {"executed_lines": [], "summary": {"covered_lines": 0, "num_statements": 0, "percent_covered": 100.0, "percent_covered_display": "100", "missing_lines": 0, "excluded_lines": 0}, "missing_lines": [], "excluded_lines": []}, "UserSecurityORM": {"executed_lines": [], "summary": {"covered_lines": 0, "num_statements": 0, "percent_covered": 100.0, "percent_covered_display": "100", "missing_lines": 0, "excluded_lines": 0}, "missing_lines": [], "excluded_lines": []}, "": {"executed_lines": [1, 2, 3, 5, 6, 7, 8, 10, 13, 14, 15, 16, 17, 18, 19, 21, 22, 25, 26, 28, 30, 31, 32, 33, 34, 37, 43, 48, 53, 59, 60, 61, 62, 63, 64, 65, 67, 68, 71, 72, 74, 76, 83, 84, 85, 86, 89], "summary": {"covered_lines": 42, "num_statements": 42, "percent_covered": 100.0, "percent_covered_display": "100", "missing_lines": 0, "excluded_lines": 0}, "missing_lines": [], "excluded_lines": []}}}, "src/scripts/__init__.py": {"executed_lines": [], "summary": {"covered_lines": 0, "num_statements": 0, "percent_covered": 100.0, "percent_covered_display": "100", "missing_lines": 0, "excluded_lines": 0}, "missing_l
[...]
25, 26, 28, 29, 30, 31, 32, 35, 36, 38, 39, 40, 41, 42, 44, 47, 48, 50, 51, 52, 53, 56, 57, 59, 62, 63, 65, 66, 67, 68, 71, 72, 74, 75, 76, 78, 81, 82, 84, 85, 88, 89, 91, 92, 93, 94, 95, 96, 97, 99], "summary": {"covered_lines": 53, "num_statements": 53, "percent_covered": 100.0, "percent_covered_display": "100", "missing_lines": 0, "excluded_lines": 0}, "missing_lines": [], "excluded_lines": [], "functions": {"": {"executed_lines": [1, 2, 3, 5, 7, 10, 11, 13, 14, 15, 16, 19, 20, 22, 25, 26, 28, 29, 30, 31, 32, 35, 36, 38, 39, 40, 41, 42, 44, 47, 48, 50, 51, 52, 53, 56, 57, 59, 62, 63, 65, 66, 67, 68, 71, 72, 74, 75, 76, 78, 81, 82, 84, 85, 88, 89, 91, 92, 93, 94, 95, 96, 97, 99], "summary": {"covered_lines": 53, "num_statements": 53, "percent_covered": 100.0, "percent_covered_display": "100", "missing_lines": 0, "excluded_lines": 0}, "missing_lines": [], "excluded_lines": []}}, "classes": {"ClubBase": {"executed_lines": [], "summary": {"covered_lines": 0, "num_statements": 0, "percent_covered": 100.0, "percent_covered_display": "100", "missing_lines": 0, "excluded_lines": 0}, "missing_lines": [], "excluded_lines": []}, "ClubCreate": {"executed_lines": [], "summary": {"covered_lines": 0, "num_statements": 0, "percent_covered": 100.0, "percent_covered_display": "100", "missing_lines": 0, "excluded_lines": 0}, "missing_lines": [], "excluded_lines": []}, "ClubUpdate": {"executed_lines": [], "summary": {"covered_lines": 0, "num_statements": 0, "percent_covered": 100.0, "percent_covered_display": "100", "missing_lines": 0, "excluded_lines": 0}, "missing_lines": [], "excluded_lines": []}, "ClubResponse": {"executed_lines": [], "summary": {"covered_lines": 0, "num_statements": 0, "percent_covered": 100.0, "percent_covered_display": "100", "missing_lines": 0, "excluded_lines": 0}, "missing_lines": [], "excluded_lines": []}, "ClubMeetingBase": {"executed_lines": [], "summary": {"covered_lines": 0, "num_statements": 0, "percent_covered": 100.0, "percent_covered_display": "100", "missing_lines": 0, "excluded_lines": 0}, "missing_lines": [], "excluded_lines": []}, "ClubMeetingCreate": {"executed_lines": [], "summary": {"covered_lines": 0, "num_statements": 0, "percent_covered": 100.0, "percent_covered_display": "100", "missing_lines": 0, "excluded_lines": 0}, "missing_lines": [], "excluded_lines": []}, "ClubMeetingUpdate": {"executed_lines": [], "summary": {"covered_lines": 0, "num_statements": 0, "percent_covered": 100.0, "percent_covered_display": "100", "missing_lines": 0, "excluded_lines": 0}, "missing_lines": [], "excluded_lines": []}, "ClubMeetingResponse": {"executed_lines": [], "summary": {"covered_lines": 0, "num_statements": 0, "percent_covered": 100.0, "percent_covered_display": "100", "missing_lines": 0, "excluded_lines": 0}, "missing_lines": [], "excluded_lines": []}, "AddUserToClub": {"executed_lines": [], "summary": {"covered_lines": 0, "num_statements": 0, "percent_covered": 100.0, "percent_covered_display": "100", "missing_lines": 0, "excluded_lines": 0}, "missing_lines": [], "excluded_lines": []}, "UserClubResponse": {"executed_lines": [], "summary": {"covered_lines": 0, "num_statements": 0, "percent_covered": 100.0, "percent_covered_display": "100", "missing_lines": 0, "excluded_lines": 0}, "missing_lines": [], "excluded_lines": []}, "": {"executed_lines": [1, 2, 3, 5, 7, 10, 11, 13, 14, 15, 16, 19, 20, 22, 25, 26, 28, 29, 30, 31, 32, 35, 36, 38, 39, 40, 41, 42, 44, 47, 48, 50, 51, 52, 53, 56, 57, 59, 62, 63, 65, 66, 67, 68, 71, 72, 74, 75, 76, 78, 81, 82, 84, 85, 88, 89, 91, 92, 93, 94, 95, 96, 97, 99], "summary": {"covered_lines": 53, "num_statements": 53, "percent_covered": 100.0, "percent_covered_display": "100", "missing_lines": 0, "excluded_lines": 0}, "missing_lines": [], "excluded_lines": []}}}, "src/transports/json/common.py": {"executed_lines": [1, 2, 3, 5, 8, 9, 11, 12, 15, 16, 18, 20], "summary": {"covered_lines": 9, "num_statements": 9, "percent_covered": 100.0, "percent_covered_display": "100", "missing_lines": 0, "excluded_lines": 0}, "missing_lines": [], "excluded_lines": [], "functions": {"": {"executed_lines": [1, 2, 3, 5, 8, 9, 11, 12, 15, 16, 18, 20], "summary": {"covered_lines": 9, "num_statements": 9, "percent_covered": 100.0, "percent_covered_display": "100", "missing_lines": 0, "excluded_lines": 0}, "missing_lines": [], "excluded_lines": []}}, "classes": {"TimestampMixin": {"executed_lines": [], "summary": {"covered_lines": 0, "num_statements": 0, "percent_covered": 100.0, "percent_covered_display": "100", "missing_lines": 0, "excluded_lines": 0}, "missing_lines": [], "excluded_lines": []}, "IDResponse": {"executed_lines": [], "summary": {"covered_lines": 0, "num_statements": 0, "percent_covered": 100.0, "percent_covered_display": "100", "missing_lines": 0, "excluded_lines": 0}, "missing_lines": [], "excluded_lines": []}, "": {"executed_lines": [1, 2, 3, 5, 8, 9, 11, 12, 15, 16, 18, 20], "summary": {"covered_lines": 9, "num_statements": 9, "percent_covered": 100.0, "percent_covered_display": "100", "missing_lines": 0, "excluded_lines": 0}, "missing_lines": [], "excluded_lines": []}}}, "src/transports/json/library_schemas.py": {"executed_lines": [1, 2, 3, 5, 7, 12, 13, 15, 16, 17, 18, 19, 20, 22, 23, 24, 27, 28, 30, 33, 34, 36, 37, 38, 39, 40, 41, 43, 44, 45, 48, 49, 51, 53, 58, 59, 61, 64, 65, 67, 68, 69, 70, 71, 72, 73, 74, 75, 76, 77, 79, 80, 81, 82, 87, 88, 90, 91, 92, 93, 94, 95, 96, 97, 98, 101, 102, 104, 107, 108, 110, 111, 112, 113, 114, 115, 116, 119, 120, 122, 123, 124, 126, 128, 131, 132, 134, 136, 141, 142, 144, 145, 146, 149, 150, 152, 155, 156, 158, 159, 162, 163, 165, 166, 167, 168, 170, 175, 176, 178, 179, 182, 183, 185, 186, 187, 188, 189, 191, 193, 196, 197, 199, 201, 204, 205, 207, 215, 216, 218, 221, 222, 224, 227, 228, 230, 233, 234, 236, 241, 242, 244, 245, 246, 247, 248, 249, 250, 251, 253], "summary": {"covered_lines": 125, "num_statements": 125, "percent_covered": 100.0, "percent_covered_display": "100", "missing_lines": 0, "excluded_lines": 0}, "missing_lines": [], "excluded_lines": [], "functions": {"": {"executed_lines": [1, 2, 3, 5, 7, 12, 13, 15, 16, 17, 18, 19, 20, 22, 23, 24, 27, 28, 30, 33, 34, 36, 37, 38, 39, 40, 41, 43, 44, 45, 48, 49, 51, 53, 58, 59, 61, 64, 65, 67, 68, 69, 70, 71, 72, 73, 74, 75, 76, 77, 79, 80, 81, 82, 87, 88, 90, 91, 92, 93, 94, 95, 96, 97, 98, 101, 102, 104, 107, 108, 110, 111, 112, 113, 114, 115, 116, 119, 120, 122, 123, 124, 126, 128, 131, 132, 134, 136, 141, 142, 144, 145, 146, 149, 150, 152, 155, 156, 158, 159, 162, 163, 165, 166, 167, 168, 170, 175, 176, 178, 179, 182, 183, 185, 186, 187, 188, 189, 191, 193, 196, 197, 199, 201, 204, 205, 207, 215, 216, 218, 221, 222, 224, 227, 228, 230, 233, 234, 236, 241, 242, 244, 245, 246, 247, 248, 249, 250, 251, 253], "summary": {"covered_lines": 125, "num_statements": 125, "percent_covered": 100.0, "percent_covered_display": "100", "missing_lines": 0, "excluded_lines": 0}, "missing_lines": [], "excluded_lines": []}}, "classes": {"BookBase": {"executed_lines": [], "summary": {"covered_lines": 0, "num_statements": 0, "percent_covered": 100.0, "percent_covered_display": "100", "missing_lines": 0, "excluded_lines": 0}, "missing_lines": [], "excluded_lines": []}, "BookCreate": {"executed_lines": [], "summary": {"covered_lines": 0, "num_statements": 0, "percent_covered": 100.0, "percent_covered_display": "100", "missing_lines": 0, "excluded_lines": 0}, "missing_lines": [], "excluded_lines": []}, "BookUpdate": {"executed_lines": [], "summary": {"covered_lines": 0, "num_statements": 0, "percent_covered": 100.0, "percent_covered_display": "100", "missing_lines": 0, "excluded_lines": 0}, "missing_lines": [], "excluded_lines": []}, "BookResponse": {"executed_lines": [], "summary": {"covered_lines": 0, "num_statements": 0, "percent_covered": 100.0, "percent_covered_display": "100", "missing_lines": 0, "excluded_lines": 0}, "missing_lines": [], "excluded_lines": []}, "ISBNLookupRequest": {"executed_lines": [], "summary": {"covered_lines": 0, "num_statements": 0, "percent_covered": 100.0, "percent_covered_display": "100", "missing_lines": 0, "excluded_lines": 0}, "missing_lines": [], "excluded_lines": []}, "ISBNLookupResponse": {"executed_lines": [], "summary": {"covered_lines": 0, "num_statements": 0, "percent_covered": 100.0, "percent_covered_display": "100", "missing_lines": 0, "excluded_lines": 0}, "missing_lines": [], "excluded_lines": []}, "UserBookBase": {"executed_lines": [], "summary": {"covered_lines": 0, "num_statements": 0, "percent_covered": 100.0, "percent_covered_display": "100", "missing_lines": 0, "excluded_lines": 0}, "missing_lines": [], "excluded_lines": []}, "UserBookCreate": {"executed_lines": [], "summary": {"covered_lines": 0, "num_statements": 0, "percent_covered": 100.0, "percent_covered_display": "100", "missing_lines": 0, "excluded_lines": 0}, "missing_lines": [], "excluded_lines": []}, "UserBookUpdate": {"executed_lines": [], "summary": {"covered_lines": 0, "num_statements": 0, "percent_covered": 100.0, "percent_covered_display": "100", "missing_lines": 0, "excluded_lines": 0}, "missing_lines": [], "excluded_lines": []}, "UserBookResponse": {"executed_lines": [], "summary": {"covered_lines": 0, "num_statements": 0, "percent_covered": 100.0, "percent_covered_display": "100", "missing_lines": 0, "excluded_lines": 0}, "missing_lines": [], "excluded_lines": []}, "UserBookWithDetails": {"executed_lines": [], "summary": {"covered_lines": 0, "num_statements": 0, "percent_covered": 100.0, "percent_covered_display": "100", "missing_lines": 0, "excluded_lines": 0}, "missing_lines": [], "excluded_lines": []}, "ReadingListBase": {"executed_lines": [], "summary": {"covered_lines": 0, "num_statements": 0, "percent_covered": 100.0, "percent_covered_display": "100", "missing_lines": 0, "excluded_lines": 0}, "missing_lines": [], "excluded_lines": []}, "ReadingListCreate": {"executed_lines": [], "summary": {"covered_lines": 0, "num_statements": 0, "percent_covered": 100.0, "percent_covered_display": "100", "missing_lines": 0, "excluded_lines": 0}, "missing_lines": [], "excluded_lines": []}, "ReadingListUpdate": {"executed_lines": [], "summary": {"covered_lines": 0, "num_statements": 0, "percent_covered": 100.0, "percent_covered_display": "100", "missing_lines": 0, "excluded_lines": 0}, "missing_lines": [], "excluded_lines": []}, "ReadingListResponse": {"executed_lines": [], "summary": {"covered_lines": 0, "num_statements": 0, "percent_covered": 100.0, "percent_covered_display": "100", "missing_lines": 0, "excluded_lines": 0}, "missing_lines": [], "excluded_lines": []}, "ReadingListItemCreate": {"executed_lines": [], "summary": {"covered_lines": 0, "num_statements": 0, "percent_covered": 100.0, "percent_covered_display": "100", "missing_lines": 0, "excluded_lines": 0}, "missing_lines": [], "excluded_lines": []}, "ReadingListItemResponse": {"executed_lines": [], "summary": {"covered_lines": 0, "num_statements": 0, "percent_covered": 100.0, "percent_covered_display": "100", "missing_lines": 0, "excluded_lines": 0}, "missing_lines": [], "excluded_lines": []}, "ReadingListWithItems": {"executed_lines": [], "summary": {"covered_lines": 0, "num_statements": 0, "percent_covered": 100.0, "percent_covered_display": "100", "missing_lines": 0, "excluded_lines": 0}, "missing_lines": [], "excluded_lines": []}, "ReorderItemsRequest": {"executed_lines": [], "summary": {"covered_lines": 0, "num_statements": 0, "percent_covered": 100.0, "percent_covered_display": "100", "missing_lines": 0, "excluded_lines": 0}, "missing_lines": [], "excluded_lines": []}, "MarkAsReadRequest": {"executed_lines": [], "summary": {"covered_lines": 0, "num_statements": 0, "percent_covered": 100.0, "percent_covered_display": "100", "missing_lines": 0, "excluded_lines": 0}, "missing_lines": [], "excluded_lines": []}, "AddRatingRequest": {"executed_lines": [], "summary": {"covered_lines": 0, "num_statements": 0, "percent_covered": 100.0, "percent_covered_display": "100", "missing_lines": 0, "excluded_lines": 0}, "missing_lines": [], "excluded_lines": []}, "AddReviewRequest": {"executed_lines": [], "summary": {"covered_lines": 0, "num_statements": 0, "percent_covered": 100.0, "percent_covered_display": "100", "missing_lines": 0, "excluded_lines": 0}, "missing_lines": [], "excluded_lines": []}, "AddNotesRequest": {"executed_lines": [], "summary": {"covered_lines": 0, "num_statements": 0, "percent_covered": 100.0, "percent_covered_display": "100", "missing_lines": 0, "excluded_lines": 0}, "missing_lines": [], "excluded_lines": []}, "LibraryStatsResponse": {"executed_lines": [], "summary": {"covered_lines": 0, "num_statements": 0, "percent_covered": 100.0, "percent_covered_display": "100", "missing_lines": 0, "excluded_lines": 0}, "missing_lines": [], "excluded_lines": []}, "": {"executed_lines": [1, 2, 3, 5, 7, 12, 13, 15, 16, 17, 18, 19, 20, 22, 23, 24, 27, 28, 30, 33, 34, 36, 37, 38, 39, 40, 41, 43, 44, 45, 48, 49, 51, 53, 58, 59, 61, 64, 65, 67, 68, 69, 70, 71, 72, 73, 74, 75, 76, 77, 79, 80, 81, 82, 87, 88, 90, 91, 92, 93, 94, 95, 96, 97, 98, 101, 102, 104, 107, 108, 110, 111, 112, 113, 114, 115, 116, 119, 120, 122, 123, 124, 126, 128, 131, 132, 134, 136, 141, 142, 144, 145, 146, 149, 150, 152, 155, 156, 158, 159, 162, 163, 165, 166, 167, 168, 170, 175, 176, 178, 179, 182, 183, 185, 186, 187, 188, 189, 191, 193, 196, 197, 199, 201, 204, 205, 207, 215, 216, 218, 221, 222, 224, 227, 228, 230, 233, 234, 236, 241, 242, 244, 245, 246, 247, 248, 249, 250, 251, 253], "summary": {"covered_lines": 125, "num_statements": 125, "percent_covered": 100.0, "percent_covered_display": "100", "missing_lines": 0, "excluded_lines": 0}, "missing_lines": [], "excluded_lines": []}}}, "src/transports/json/meeting_schemas.py": {"executed_lines": [], "summary": {"covered_lines": 0, "num_statements": 28, "percent_covered": 0.0, "percent_covered_display": "0", "missing_lines": 28, "excluded_lines": 0}, "missing_lines": [2, 4, 6, 9, 12, 13, 14, 15, 16, 19, 22, 25, 28, 29, 30, 34, 35, 36, 37, 38, 41, 44, 45, 46, 47, 48, 49, 51], "excluded_lines": [], "functions": {"": {"executed_lines": [], "summary": {"covered_lines": 0, "num_statements": 28, "percent_covered": 0.0, "percent_covered_display": "0", "missing_lines": 28, "excluded_lines": 0}, "missing_lines": [2, 4, 6, 9, 12, 13, 14, 15, 16, 19, 22, 25, 28, 29, 30, 34, 35, 36, 37, 38, 41, 44, 45, 46, 47, 48, 49, 51], "excluded_lines": []}}, "classes": {"MeetingBase": {"executed_lines": [], "summary": {"covered_lines": 0, "num_statements": 0, "percent_covered": 100.0, "percent_covered_display": "100", "missing_lines": 0, "excluded_lines": 0}, "missing_lines": [], "excluded_lines": []}, "MeetingCreate": {"executed_lines": [], "summary": {"covered_lines": 0, "num_statements": 0, "percent_covered": 100.0, "percent_covered_display": "100", "missing_lines": 0, "excluded_lines": 0}, "missing_lines": [], "excluded_lines": []}, "MeetingUpdate": {"executed_lines": [], "summary": {"covered_lines": 0, "num_statements": 0, "percent_covered": 100.0, "percent_covered_display": "100", "missing_lines": 0, "excluded_lines": 0}, "missing_lines": [], "excluded_lines": []}, "MeetingResponse": {"executed_lines": [], "summary": {"covered_lines": 0, "num_statements": 0, "percent_covered": 100.0, "percent_covered_display": "100", "missing_lines": 0, "excluded_lines": 0}, "missing_lines": [], "excluded_lines": []}, "": {"executed_lines": [], "summary": {"covered_lines": 0, "num_statements": 28, "percent_covered": 0.0, "percent_covered_display": "0", "missing_lines": 28, "excluded_lines": 0}, "missing_lines": [2, 4, 6, 9, 12, 13, 14, 15, 16, 19, 22, 25, 28, 29, 30, 34, 35, 36, 37, 38, 41, 44, 45, 46, 47, 48, 49, 51], "excluded_lines": []}}}, "src/transports/json/page_schemas.py": {"executed_lines": [], "summary": {"covered_lines": 0, "num_statements": 19, "percent_covered": 0.0, "percent_covered_display": "0", "missing_lines": 19, "excluded_lines": 0}, "missing_lines": [2, 4, 6, 9, 12, 13, 14, 17, 20, 23, 26, 27, 28, 29, 32, 35, 36, 37, 39], "excluded_lines": [], "functions": {"": {"executed_lines": [], "summary": {"covered_lines": 0, "num_statements": 19, "percent_covered": 0.0, "percent_covered_display": "0", "missing_lines": 19, "excluded_lines": 0}, "missing_lines": [2, 4, 6, 9, 12, 13, 14, 17, 20, 23, 26, 27, 28, 29, 32, 35, 36, 37, 39], "excluded_lines": []}}, "classes": {"PageBase": {"executed_lines": [], "summary": {"covered_lines": 0, "num_statements": 0, "percent_covered": 100.0, "percent_covered_display": "100", "missing_lines": 0, "excluded_lines": 0}, "missing_lines": [], "excluded_lines": []}, "PageCreate": {"executed_lines": [], "summary": {"covered_lines": 0, "num_statements": 0, "percent_covered": 100.0, "percent_covered_display": "100", "missing_lines": 0, "excluded_lines": 0}, "missing_lines": [], "excluded_lines": []}, "PageUpdate": {"executed_lines": [], "summary": {"covered_lines": 0, "num_statements": 0, "percent_covered": 100.0, "percent_covered_display": "100", "missing_lines": 0, "excluded_lines": 0}, "missing_lines": [], "excluded_lines": []}, "PageResponse": {"executed_lines": [], "summary": {"covered_lines": 0, "num_statements": 0, "percent_covered": 100.0, "percent_covered_display": "100", "missing_lines": 0, "excluded_lines": 0}, "missing_lines": [], "excluded_lines": []}, "": {"executed_lines": [], "summary": {"covered_lines": 0, "num_statements": 19, "percent_covered": 0.0, "percent_covered_display": "0", "missing_lines": 19, "excluded_lines": 0}, "missing_lines": [2, 4, 6, 9, 12, 13, 14, 17, 20, 23, 26, 27, 28, 29, 32, 35, 36, 37, 39], "excluded_lines": []}}}, "src/transports/json/user_schemas.py": {"executed_lines": [1, 2, 4, 7, 8, 10, 11, 12, 15, 16, 18, 21, 22, 24, 25, 26, 27, 30, 31, 33, 34, 36, 39, 40, 43], "summary": {"covered_lines": 19, "num_statements": 19, "percent_covered": 100.0, "percent_covered_display": "100", "missing_lines": 0, "excluded_lines": 0}, "missing_lines": [], "excluded_lines": [], "functions": {"": {"executed_lines": [1, 2, 4, 7, 8, 10, 11, 12, 15, 16, 18, 21, 22, 24, 25, 26, 27, 30, 31, 33, 34, 36, 39, 40, 43], "summary": {"covered_lines": 19, "num_statements": 19, "percent_covered": 100.0, "percent_covered_display": "100", "missing_lines": 0, "excluded_lines": 0}, "missing_lines": [], "excluded_lines": []}}, "classes": {"UserBase": {"executed_lines": [], "summary": {"covered_lines": 0, "num_statements": 0, "percent_covered": 100.0, "percent_covered_display": "100", "missing_lines": 0, "excluded_lines": 0}, "missing_lines": [], "excluded_lines": []}, "UserCreate": {"executed_lines": [], "summary": {"covered_lines": 0, "num_statements": 0, "percent_covered": 100.0, "percent_covered_display": "100", "missing_lines": 0, "excluded_lines": 0}, "missing_lines": [], "excluded_lines": []}, "UserUpdate": {"executed_lines": [], "summary": {"covered_lines": 0, "num_statements": 0, "percent_covered": 100.0, "percent_covered_display": "100", "missing_lines": 0, "excluded_lines": 0}, "missing_lines": [], "excluded_lines": []}, "UserResponse": {"executed_lines": [], "summary": {"covered_lines": 0, "num_statements": 0, "percent_covered": 100.0, "percent_covered_display": "100", "missing_lines": 0, "excluded_lines": 0}, "missing_lines": [], "excluded_lines": []}, "UserDetailResponse": {"executed_lines": [], "summary": {"covered_lines": 0, "num_statements": 0, "percent_covered": 100.0, "percent_covered_display": "100", "missing_lines": 0, "excluded_lines": 0}, "missing_lines": [], "excluded_lines": []}, "": {"executed_lines": [1, 2, 4, 7, 8, 10, 11, 12, 15, 16, 18, 21, 22, 24, 25, 26, 27, 30, 31, 33, 34, 36, 39, 40, 43], "summary": {"covered_lines": 19, "num_statements": 19, "percent_covered": 100.0, "percent_covered_display": "100", "missing_lines": 0, "excluded_lines": 0}, "missing_lines": [], "excluded_lines": []}}}}, "totals": {"covered_lines": 1408, "num_statements": 2462, "percent_covered": 57.18927701056052, "percent_covered_display": "57", "missing_lines": 1054, "excluded_lines": 0}}